# JRE version: OpenJDK Runtime Environment (17.0+35) (build 17+35-2724)
# Java VM: OpenJDK 64-Bit Server VM (17+35-2724, mixed mode, sharing, tiered, compressed oops, compressed class ptrs, g1 gc, windows-amd64)
GC Precious Log:
 CPUs: 4 total, 4 available
 Memory: 16322M
 Large Page Support: Disabled
 NUMA Support: Disabled
 Compressed Oops: Enabled (Zero based)
 Heap Region Size: 2M
 Heap Min Capacity: 8M
 Heap Initial Capacity: 256M
 Heap Max Capacity: 4082M
 Pre-touch: Disabled
 Parallel Workers: 4
 Concurrent Workers: 1
 Concurrent Refinement Workers: 4
 Periodic GC: Disabled
Heap:
 garbage-first heap   total 75776K, used 53482K [0x0000000700e00000, 0x0000000800000000)
  region size 2048K, 17 young (34816K), 3 survivors (6144K)
 Metaspace       used 69566K, committed 69952K, reserved 1114112K
  class space    used 9239K, committed 9408K, reserved 1048576K
GC Heap History (20 events):
Event: 4.210 GC heap before
{Heap before GC invocations=7 (full 0):
 garbage-first heap   total 51200K, used 35286K [0x0000000700e00000, 0x0000000800000000)
  region size 2048K, 12 young (24576K), 2 survivors (4096K)
 Metaspace       used 31882K, committed 32192K, reserved 1081344K
  class space    used 4058K, committed 4160K, reserved 1048576K
}
Event: 4.217 GC heap after
{Heap after GC invocations=8 (full 0):
 garbage-first heap   total 157696K, used 16551K [0x0000000700e00000, 0x0000000800000000)
  region size 2048K, 2 young (4096K), 2 survivors (4096K)
 Metaspace       used 31882K, committed 32192K, reserved 1081344K
  class space    used 4058K, committed 4160K, reserved 1048576K
}
Event: 4.746 GC heap before
{Heap before GC invocations=8 (full 0):
 garbage-first heap   total 157696K, used 104615K [0x0000000700e00000, 0x0000000800000000)
  region size 2048K, 46 young (94208K), 2 survivors (4096K)
 Metaspace       used 34957K, committed 35264K, reserved 1081344K
  class space    used 4428K, committed 4544K, reserved 1048576K
}
Event: 4.752 GC heap after
{Heap after GC invocations=9 (full 0):
 garbage-first heap   total 157696K, used 17999K [0x0000000700e00000, 0x0000000800000000)
  region size 2048K, 3 young (6144K), 3 survivors (6144K)
 Metaspace       used 34957K, committed 35264K, reserved 1081344K
  class space    used 4428K, committed 4544K, reserved 1048576K
}
Event: 4.954 GC heap before
{Heap before GC invocations=9 (full 0):
 garbage-first heap   total 157696K, used 30287K [0x0000000700e00000, 0x0000000800000000)
  region size 2048K, 10 young (20480K), 3 survivors (6144K)
 Metaspace       used 35698K, committed 35968K, reserved 1081344K
  class space    used 4520K, committed 4672K, reserved 1048576K
}
Event: 4.958 GC heap after
{Heap after GC invocations=10 (full 0):
 garbage-first heap   total 157696K, used 18315K [0x0000000700e00000, 0x0000000800000000)
  region size 2048K, 3 young (6144K), 3 survivors (6144K)
 Metaspace       used 35698K, committed 35968K, reserved 1081344K
  class space    used 4520K, committed 4672K, reserved 1048576K
}
Event: 5.973 GC heap before
{Heap before GC invocations=11 (full 0):
 garbage-first heap   total 75776K, used 57227K [0x0000000700e00000, 0x0000000800000000)
  region size 2048K, 22 young (45056K), 3 survivors (6144K)
 Metaspace       used 44040K, committed 44416K, reserved 1089536K
  class space    used 5721K, committed 5888K, reserved 1048576K
}
Event: 5.981 GC heap after
{Heap after GC invocations=12 (full 0):
 garbage-first heap   total 75776K, used 20856K [0x0000000700e00000, 0x0000000800000000)
  region size 2048K, 3 young (6144K), 3 survivors (6144K)
 Metaspace       used 44040K, committed 44416K, reserved 1089536K
  class space    used 5721K, committed 5888K, reserved 1048576K
}
Event: 6.024 GC heap before
{Heap before GC invocations=12 (full 0):
 garbage-first heap   total 75776K, used 22904K [0x0000000700e00000, 0x0000000800000000)
  region size 2048K, 4 young (8192K), 3 survivors (6144K)
 Metaspace       used 44493K, committed 44864K, reserved 1089536K
  class space    used 5795K, committed 5952K, reserved 1048576K
}
Event: 6.027 GC heap after
{Heap after GC invocations=13 (full 0):
 garbage-first heap   total 75776K, used 21072K [0x0000000700e00000, 0x0000000800000000)
  region size 2048K, 1 young (2048K), 1 survivors (2048K)
 Metaspace       used 44493K, committed 44864K, reserved 1089536K
  class space    used 5795K, committed 5952K, reserved 1048576K
}
Event: 6.953 GC heap before
{Heap before GC invocations=13 (full 0):
 garbage-first heap   total 75776K, used 55888K [0x0000000700e00000, 0x0000000800000000)
  region size 2048K, 19 young (38912K), 1 survivors (2048K)
 Metaspace       used 52780K, committed 53120K, reserved 1097728K
  class space    used 7021K, committed 7232K, reserved 1048576K
}
Event: 6.956 GC heap after
{Heap after GC invocations=14 (full 0):
 garbage-first heap   total 75776K, used 22007K [0x0000000700e00000, 0x0000000800000000)
  region size 2048K, 1 young (2048K), 1 survivors (2048K)
 Metaspace       used 52780K, committed 53120K, reserved 1097728K
  class space    used 7021K, committed 7232K, reserved 1048576K
}
Event: 7.843 GC heap before
{Heap before GC invocations=14 (full 0):
 garbage-first heap   total 75776K, used 56823K [0x0000000700e00000, 0x0000000800000000)
  region size 2048K, 19 young (38912K), 1 survivors (2048K)
 Metaspace       used 57063K, committed 57408K, reserved 1105920K
  class space    used 7597K, committed 7808K, reserved 1048576K
}
Event: 7.848 GC heap after
{Heap after GC invocations=15 (full 0):
 garbage-first heap   total 75776K, used 23886K [0x0000000700e00000, 0x0000000800000000)
  region size 2048K, 2 young (4096K), 2 survivors (4096K)
 Metaspace       used 57063K, committed 57408K, reserved 1105920K
  class space    used 7597K, committed 7808K, reserved 1048576K
}
Event: 8.389 GC heap before
{Heap before GC invocations=15 (full 0):
 garbage-first heap   total 75776K, used 58702K [0x0000000700e00000, 0x0000000800000000)
  region size 2048K, 19 young (38912K), 2 survivors (4096K)
 Metaspace       used 59488K, committed 59840K, reserved 1105920K
  class space    used 7923K, committed 8064K, reserved 1048576K
}
Event: 8.395 GC heap after
{Heap after GC invocations=16 (full 0):
 garbage-first heap   total 75776K, used 25338K [0x0000000700e00000, 0x0000000800000000)
  region size 2048K, 2 young (4096K), 2 survivors (4096K)
 Metaspace       used 59488K, committed 59840K, reserved 1105920K
  class space    used 7923K, committed 8064K, reserved 1048576K
}
Event: 8.507 GC heap before
{Heap before GC invocations=16 (full 0):
 garbage-first heap   total 75776K, used 29434K [0x0000000700e00000, 0x0000000800000000)
  region size 2048K, 5 young (10240K), 2 survivors (4096K)
 Metaspace       used 60157K, committed 60480K, reserved 1105920K
  class space    used 8005K, committed 8192K, reserved 1048576K
}
Event: 8.510 GC heap after
{Heap after GC invocations=17 (full 0):
 garbage-first heap   total 75776K, used 25792K [0x0000000700e00000, 0x0000000800000000)
  region size 2048K, 1 young (2048K), 1 survivors (2048K)
 Metaspace       used 60157K, committed 60480K, reserved 1105920K
  class space    used 8005K, committed 8192K, reserved 1048576K
}
Event: 9.992 GC heap before
{Heap before GC invocations=18 (full 0):
 garbage-first heap   total 75776K, used 60608K [0x0000000700e00000, 0x0000000800000000)
  region size 2048K, 18 young (36864K), 1 survivors (2048K)
 Metaspace       used 63517K, committed 63936K, reserved 1105920K
  class space    used 8502K, committed 8704K, reserved 1048576K
}
Event: 9.997 GC heap after
{Heap after GC invocations=19 (full 0):
 garbage-first heap   total 75776K, used 28906K [0x0000000700e00000, 0x0000000800000000)
  region size 2048K, 3 young (6144K), 3 survivors (6144K)
 Metaspace       used 63517K, committed 63936K, reserved 1105920K
  class space    used 8502K, committed 8704K, reserved 1048576K
}

