# JRE version: OpenJDK Runtime Environment (17.0+35) (build 17+35-2724)
# Java VM: OpenJDK 64-Bit Server VM (17+35-2724, mixed mode, sharing, tiered, compressed oops, compressed class ptrs, g1 gc, windows-amd64)
GC Precious Log:
 CPUs: 4 total, 4 available
 Memory: 16322M
 Large Page Support: Disabled
 NUMA Support: Disabled
 Compressed Oops: Enabled (Zero based)
 Heap Region Size: 2M
 Heap Min Capacity: 8M
 Heap Initial Capacity: 256M
 Heap Max Capacity: 4082M
 Pre-touch: Disabled
 Parallel Workers: 4
 Concurrent Workers: 1
 Concurrent Refinement Workers: 4
 Periodic GC: Disabled
Heap:
 garbage-first heap   total 75776K, used 51012K [0x0000000700e00000, 0x0000000800000000)
  region size 2048K, 13 young (26624K), 1 survivors (2048K)
 Metaspace       used 69325K, committed 69696K, reserved 1114112K
  class space    used 9229K, committed 9408K, reserved 1048576K
GC Heap History (20 events):
Event: 2.747 GC heap before
{Heap before GC invocations=6 (full 0):
 garbage-first heap   total 55296K, used 35902K [0x0000000700e00000, 0x0000000800000000)
  region size 2048K, 16 young (32768K), 4 survivors (8192K)
 Metaspace       used 30415K, committed 30720K, reserved 1081344K
  class space    used 3876K, committed 3968K, reserved 1048576K
}
Event: 2.759 GC heap after
{Heap after GC invocations=7 (full 0):
 garbage-first heap   total 55296K, used 15050K [0x0000000700e00000, 0x0000000800000000)
  region size 2048K, 2 young (4096K), 2 survivors (4096K)
 Metaspace       used 30415K, committed 30720K, reserved 1081344K
  class space    used 3876K, committed 3968K, reserved 1048576K
}
Event: 3.266 GC heap before
{Heap before GC invocations=7 (full 0):
 garbage-first heap   total 55296K, used 37578K [0x0000000700e00000, 0x0000000800000000)
  region size 2048K, 14 young (28672K), 2 survivors (4096K)
 Metaspace       used 33965K, committed 34240K, reserved 1081344K
  class space    used 4341K, committed 4480K, reserved 1048576K
}
Event: 3.271 GC heap after
{Heap after GC invocations=8 (full 0):
 garbage-first heap   total 159744K, used 17618K [0x0000000700e00000, 0x0000000800000000)
  region size 2048K, 2 young (4096K), 2 survivors (4096K)
 Metaspace       used 33965K, committed 34240K, reserved 1081344K
  class space    used 4341K, committed 4480K, reserved 1048576K
}
Event: 3.631 GC heap before
{Heap before GC invocations=8 (full 0):
 garbage-first heap   total 159744K, used 99538K [0x0000000700e00000, 0x0000000800000000)
  region size 2048K, 44 young (90112K), 2 survivors (4096K)
 Metaspace       used 35804K, committed 36096K, reserved 1081344K
  class space    used 4526K, committed 4672K, reserved 1048576K
}
Event: 3.636 GC heap after
{Heap after GC invocations=9 (full 0):
 garbage-first heap   total 159744K, used 18405K [0x0000000700e00000, 0x0000000800000000)
  region size 2048K, 3 young (6144K), 3 survivors (6144K)
 Metaspace       used 35804K, committed 36096K, reserved 1081344K
  class space    used 4526K, committed 4672K, reserved 1048576K
}
Event: 4.552 GC heap before
{Heap before GC invocations=10 (full 0):
 garbage-first heap   total 75776K, used 57317K [0x0000000700e00000, 0x0000000800000000)
  region size 2048K, 22 young (45056K), 3 survivors (6144K)
 Metaspace       used 44975K, committed 45312K, reserved 1089536K
  class space    used 5901K, committed 6080K, reserved 1048576K
}
Event: 4.560 GC heap after
{Heap after GC invocations=11 (full 0):
 garbage-first heap   total 75776K, used 21103K [0x0000000700e00000, 0x0000000800000000)
  region size 2048K, 3 young (6144K), 3 survivors (6144K)
 Metaspace       used 44975K, committed 45312K, reserved 1089536K
  class space    used 5901K, committed 6080K, reserved 1048576K
}
Event: 4.609 GC heap before
{Heap before GC invocations=11 (full 0):
 garbage-first heap   total 75776K, used 21103K [0x0000000700e00000, 0x0000000800000000)
  region size 2048K, 4 young (8192K), 3 survivors (6144K)
 Metaspace       used 45636K, committed 45952K, reserved 1089536K
  class space    used 5973K, committed 6144K, reserved 1048576K
}
Event: 4.616 GC heap after
{Heap after GC invocations=12 (full 0):
 garbage-first heap   total 75776K, used 20842K [0x0000000700e00000, 0x0000000800000000)
  region size 2048K, 1 young (2048K), 1 survivors (2048K)
 Metaspace       used 45636K, committed 45952K, reserved 1089536K
  class space    used 5973K, committed 6144K, reserved 1048576K
}
Event: 5.526 GC heap before
{Heap before GC invocations=12 (full 0):
 garbage-first heap   total 75776K, used 57706K [0x0000000700e00000, 0x0000000800000000)
  region size 2048K, 19 young (38912K), 1 survivors (2048K)
 Metaspace       used 54027K, committed 54336K, reserved 1097728K
  class space    used 7225K, committed 7360K, reserved 1048576K
}
Event: 5.528 GC heap after
{Heap after GC invocations=13 (full 0):
 garbage-first heap   total 75776K, used 21971K [0x0000000700e00000, 0x0000000800000000)
  region size 2048K, 1 young (2048K), 1 survivors (2048K)
 Metaspace       used 54027K, committed 54336K, reserved 1097728K
  class space    used 7225K, committed 7360K, reserved 1048576K
}
Event: 6.284 GC heap before
{Heap before GC invocations=13 (full 0):
 garbage-first heap   total 75776K, used 56787K [0x0000000700e00000, 0x0000000800000000)
  region size 2048K, 19 young (38912K), 1 survivors (2048K)
 Metaspace       used 58119K, committed 58496K, reserved 1105920K
  class space    used 7761K, committed 7936K, reserved 1048576K
}
Event: 6.289 GC heap after
{Heap after GC invocations=14 (full 0):
 garbage-first heap   total 75776K, used 24133K [0x0000000700e00000, 0x0000000800000000)
  region size 2048K, 2 young (4096K), 2 survivors (4096K)
 Metaspace       used 58119K, committed 58496K, reserved 1105920K
  class space    used 7761K, committed 7936K, reserved 1048576K
}
Event: 6.705 GC heap before
{Heap before GC invocations=14 (full 0):
 garbage-first heap   total 75776K, used 52805K [0x0000000700e00000, 0x0000000800000000)
  region size 2048K, 18 young (36864K), 2 survivors (4096K)
 Metaspace       used 60138K, committed 60480K, reserved 1105920K
  class space    used 8021K, committed 8192K, reserved 1048576K
}
Event: 6.710 GC heap after
{Heap after GC invocations=15 (full 0):
 garbage-first heap   total 75776K, used 25397K [0x0000000700e00000, 0x0000000800000000)
  region size 2048K, 2 young (4096K), 2 survivors (4096K)
 Metaspace       used 60138K, committed 60480K, reserved 1105920K
  class space    used 8021K, committed 8192K, reserved 1048576K
}
Event: 7.424 GC heap before
{Heap before GC invocations=16 (full 0):
 garbage-first heap   total 75776K, used 60213K [0x0000000700e00000, 0x0000000800000000)
  region size 2048K, 19 young (38912K), 2 survivors (4096K)
 Metaspace       used 63746K, committed 64192K, reserved 1105920K
  class space    used 8552K, committed 8768K, reserved 1048576K
}
Event: 7.431 GC heap after
{Heap after GC invocations=17 (full 0):
 garbage-first heap   total 75776K, used 28369K [0x0000000700e00000, 0x0000000800000000)
  region size 2048K, 3 young (6144K), 3 survivors (6144K)
 Metaspace       used 63746K, committed 64192K, reserved 1105920K
  class space    used 8552K, committed 8768K, reserved 1048576K
}
Event: 7.546 GC heap before
{Heap before GC invocations=17 (full 0):
 garbage-first heap   total 75776K, used 30417K [0x0000000700e00000, 0x0000000800000000)
  region size 2048K, 4 young (8192K), 3 survivors (6144K)
 Metaspace       used 64016K, committed 64384K, reserved 1105920K
  class space    used 8581K, committed 8768K, reserved 1048576K
}
Event: 7.553 GC heap after
{Heap after GC invocations=18 (full 0):
 garbage-first heap   total 75776K, used 28484K [0x0000000700e00000, 0x0000000800000000)
  region size 2048K, 1 young (2048K), 1 survivors (2048K)
 Metaspace       used 64016K, committed 64384K, reserved 1105920K
  class space    used 8581K, committed 8768K, reserved 1048576K
}

