# JRE version: OpenJDK Runtime Environment (17.0+35) (build 17+35-2724)
# Java VM: OpenJDK 64-Bit Server VM (17+35-2724, mixed mode, sharing, tiered, compressed oops, compressed class ptrs, g1 gc, windows-amd64)
GC Precious Log:
 CPUs: 4 total, 4 available
 Memory: 16322M
 Large Page Support: Disabled
 NUMA Support: Disabled
 Compressed Oops: Enabled (Zero based)
 Heap Region Size: 2M
 Heap Min Capacity: 8M
 Heap Initial Capacity: 256M
 Heap Max Capacity: 4082M
 Pre-touch: Disabled
 Parallel Workers: 4
 Concurrent Workers: 1
 Concurrent Refinement Workers: 4
 Periodic GC: Disabled
Heap:
 garbage-first heap   total 81920K, used 46384K [0x0000000700e00000, 0x0000000800000000)
  region size 2048K, 11 young (22528K), 1 survivors (2048K)
 Metaspace       used 69440K, committed 69824K, reserved 1114112K
  class space    used 9233K, committed 9408K, reserved 1048576K
GC Heap History (20 events):
Event: 3.150 GC heap before
{Heap before GC invocations=5 (full 0):
 garbage-first heap   total 55296K, used 44590K [0x0000000700e00000, 0x0000000800000000)
  region size 2048K, 20 young (40960K), 3 survivors (6144K)
 Metaspace       used 26504K, committed 26752K, reserved 1073152K
  class space    used 3304K, committed 3392K, reserved 1048576K
}
Event: 3.156 GC heap after
{Heap after GC invocations=6 (full 0):
 garbage-first heap   total 57344K, used 13287K [0x0000000700e00000, 0x0000000800000000)
  region size 2048K, 4 young (8192K), 4 survivors (8192K)
 Metaspace       used 26504K, committed 26752K, reserved 1073152K
  class space    used 3304K, committed 3392K, reserved 1048576K
}
Event: 3.812 GC heap before
{Heap before GC invocations=6 (full 0):
 garbage-first heap   total 57344K, used 35815K [0x0000000700e00000, 0x0000000800000000)
  region size 2048K, 16 young (32768K), 4 survivors (8192K)
 Metaspace       used 29993K, committed 30272K, reserved 1081344K
  class space    used 3797K, committed 3904K, reserved 1048576K
}
Event: 3.819 GC heap after
{Heap after GC invocations=7 (full 0):
 garbage-first heap   total 57344K, used 14955K [0x0000000700e00000, 0x0000000800000000)
  region size 2048K, 2 young (4096K), 2 survivors (4096K)
 Metaspace       used 29993K, committed 30272K, reserved 1081344K
  class space    used 3797K, committed 3904K, reserved 1048576K
}
Event: 4.727 GC heap before
{Heap before GC invocations=7 (full 0):
 garbage-first heap   total 57344K, used 37483K [0x0000000700e00000, 0x0000000800000000)
  region size 2048K, 14 young (28672K), 2 survivors (4096K)
 Metaspace       used 33977K, committed 34304K, reserved 1081344K
  class space    used 4338K, committed 4480K, reserved 1048576K
}
Event: 4.736 GC heap after
{Heap after GC invocations=8 (full 0):
 garbage-first heap   total 159744K, used 17080K [0x0000000700e00000, 0x0000000800000000)
  region size 2048K, 2 young (4096K), 2 survivors (4096K)
 Metaspace       used 33977K, committed 34304K, reserved 1081344K
  class space    used 4338K, committed 4480K, reserved 1048576K
}
Event: 5.296 GC heap before
{Heap before GC invocations=8 (full 0):
 garbage-first heap   total 159744K, used 101048K [0x0000000700e00000, 0x0000000800000000)
  region size 2048K, 45 young (92160K), 2 survivors (4096K)
 Metaspace       used 35825K, committed 36096K, reserved 1081344K
  class space    used 4524K, committed 4672K, reserved 1048576K
}
Event: 5.305 GC heap after
{Heap after GC invocations=9 (full 0):
 garbage-first heap   total 159744K, used 18242K [0x0000000700e00000, 0x0000000800000000)
  region size 2048K, 3 young (6144K), 3 survivors (6144K)
 Metaspace       used 35825K, committed 36096K, reserved 1081344K
  class space    used 4524K, committed 4672K, reserved 1048576K
}
Event: 7.294 GC heap before
{Heap before GC invocations=10 (full 0):
 garbage-first heap   total 81920K, used 61250K [0x0000000700e00000, 0x0000000800000000)
  region size 2048K, 24 young (49152K), 3 survivors (6144K)
 Metaspace       used 46290K, committed 46656K, reserved 1089536K
  class space    used 6050K, committed 6208K, reserved 1048576K
}
Event: 7.308 GC heap after
{Heap after GC invocations=11 (full 0):
 garbage-first heap   total 81920K, used 20996K [0x0000000700e00000, 0x0000000800000000)
  region size 2048K, 3 young (6144K), 3 survivors (6144K)
 Metaspace       used 46290K, committed 46656K, reserved 1089536K
  class space    used 6050K, committed 6208K, reserved 1048576K
}
Event: 8.897 GC heap before
{Heap before GC invocations=11 (full 0):
 garbage-first heap   total 81920K, used 61956K [0x0000000700e00000, 0x0000000800000000)
  region size 2048K, 23 young (47104K), 3 survivors (6144K)
 Metaspace       used 54423K, committed 54784K, reserved 1097728K
  class space    used 7271K, committed 7424K, reserved 1048576K
}
Event: 8.903 GC heap after
{Heap after GC invocations=12 (full 0):
 garbage-first heap   total 81920K, used 22569K [0x0000000700e00000, 0x0000000800000000)
  region size 2048K, 3 young (6144K), 3 survivors (6144K)
 Metaspace       used 54423K, committed 54784K, reserved 1097728K
  class space    used 7271K, committed 7424K, reserved 1048576K
}
Event: 9.939 GC heap before
{Heap before GC invocations=12 (full 0):
 garbage-first heap   total 81920K, used 59433K [0x0000000700e00000, 0x0000000800000000)
  region size 2048K, 21 young (43008K), 3 survivors (6144K)
 Metaspace       used 58584K, committed 59008K, reserved 1105920K
  class space    used 7815K, committed 8000K, reserved 1048576K
}
Event: 9.946 GC heap after
{Heap after GC invocations=13 (full 0):
 garbage-first heap   total 81920K, used 24862K [0x0000000700e00000, 0x0000000800000000)
  region size 2048K, 2 young (4096K), 2 survivors (4096K)
 Metaspace       used 58584K, committed 59008K, reserved 1105920K
  class space    used 7815K, committed 8000K, reserved 1048576K
}
Event: 10.374 GC heap before
{Heap before GC invocations=13 (full 0):
 garbage-first heap   total 81920K, used 49438K [0x0000000700e00000, 0x0000000800000000)
  region size 2048K, 15 young (30720K), 2 survivors (4096K)
 Metaspace       used 59937K, committed 60288K, reserved 1105920K
  class space    used 7980K, committed 8192K, reserved 1048576K
}
Event: 10.380 GC heap after
{Heap after GC invocations=14 (full 0):
 garbage-first heap   total 81920K, used 25873K [0x0000000700e00000, 0x0000000800000000)
  region size 2048K, 2 young (4096K), 2 survivors (4096K)
 Metaspace       used 59937K, committed 60288K, reserved 1105920K
  class space    used 7980K, committed 8192K, reserved 1048576K
}
Event: 11.572 GC heap before
{Heap before GC invocations=15 (full 0):
 garbage-first heap   total 81920K, used 62737K [0x0000000700e00000, 0x0000000800000000)
  region size 2048K, 20 young (40960K), 2 survivors (4096K)
 Metaspace       used 64198K, committed 64576K, reserved 1105920K
  class space    used 8593K, committed 8768K, reserved 1048576K
}
Event: 11.581 GC heap after
{Heap after GC invocations=16 (full 0):
 garbage-first heap   total 81920K, used 29325K [0x0000000700e00000, 0x0000000800000000)
  region size 2048K, 3 young (6144K), 3 survivors (6144K)
 Metaspace       used 64198K, committed 64576K, reserved 1105920K
  class space    used 8593K, committed 8768K, reserved 1048576K
}
Event: 14.221 GC heap before
{Heap before GC invocations=16 (full 0):
 garbage-first heap   total 81920K, used 31373K [0x0000000700e00000, 0x0000000800000000)
  region size 2048K, 4 young (8192K), 3 survivors (6144K)
 Metaspace       used 64582K, committed 64960K, reserved 1105920K
  class space    used 8641K, committed 8832K, reserved 1048576K
}
Event: 14.225 GC heap after
{Heap after GC invocations=17 (full 0):
 garbage-first heap   total 81920K, used 30000K [0x0000000700e00000, 0x0000000800000000)
  region size 2048K, 1 young (2048K), 1 survivors (2048K)
 Metaspace       used 64582K, committed 64960K, reserved 1105920K
  class space    used 8641K, committed 8832K, reserved 1048576K
}

