# JRE version: OpenJDK Runtime Environment (17.0+35) (build 17+35-2724)
# Java VM: OpenJDK 64-Bit Server VM (17+35-2724, mixed mode, sharing, tiered, compressed oops, compressed class ptrs, g1 gc, windows-amd64)
GC Precious Log:
 CPUs: 4 total, 4 available
 Memory: 16322M
 Large Page Support: Disabled
 NUMA Support: Disabled
 Compressed Oops: Enabled (Zero based)
 Heap Region Size: 2M
 Heap Min Capacity: 8M
 Heap Initial Capacity: 256M
 Heap Max Capacity: 4082M
 Pre-touch: Disabled
 Parallel Workers: 4
 Concurrent Workers: 1
 Concurrent Refinement Workers: 4
 Periodic GC: Disabled
Heap:
 garbage-first heap   total 92160K, used 44361K [0x0000000700e00000, 0x0000000800000000)
  region size 2048K, 11 young (22528K), 3 survivors (6144K)
 Metaspace       used 69582K, committed 69952K, reserved 1114112K
  class space    used 9241K, committed 9408K, reserved 1048576K
GC Heap History (20 events):
Event: 3.245 GC heap before
{Heap before GC invocations=6 (full 0):
 garbage-first heap   total 51200K, used 35509K [0x0000000700e00000, 0x0000000800000000)
  region size 2048K, 15 young (30720K), 4 survivors (8192K)
 Metaspace       used 28424K, committed 28672K, reserved 1081344K
  class space    used 3562K, committed 3712K, reserved 1048576K
}
Event: 3.251 GC heap after
{Heap after GC invocations=7 (full 0):
 garbage-first heap   total 51200K, used 14901K [0x0000000700e00000, 0x0000000800000000)
  region size 2048K, 2 young (4096K), 2 survivors (4096K)
 Metaspace       used 28424K, committed 28672K, reserved 1081344K
  class space    used 3562K, committed 3712K, reserved 1048576K
}
Event: 3.700 GC heap before
{Heap before GC invocations=7 (full 0):
 garbage-first heap   total 51200K, used 35381K [0x0000000700e00000, 0x0000000800000000)
  region size 2048K, 12 young (24576K), 2 survivors (4096K)
 Metaspace       used 31981K, committed 32256K, reserved 1081344K
  class space    used 4071K, committed 4160K, reserved 1048576K
}
Event: 3.704 GC heap after
{Heap after GC invocations=8 (full 0):
 garbage-first heap   total 51200K, used 16560K [0x0000000700e00000, 0x0000000800000000)
  region size 2048K, 2 young (4096K), 2 survivors (4096K)
 Metaspace       used 31981K, committed 32256K, reserved 1081344K
  class space    used 4071K, committed 4160K, reserved 1048576K
}
Event: 4.001 GC heap before
{Heap before GC invocations=8 (full 0):
 garbage-first heap   total 51200K, used 32944K [0x0000000700e00000, 0x0000000800000000)
  region size 2048K, 11 young (22528K), 2 survivors (4096K)
 Metaspace       used 34378K, committed 34688K, reserved 1081344K
  class space    used 4375K, committed 4544K, reserved 1048576K
}
Event: 4.008 GC heap after
{Heap after GC invocations=9 (full 0):
 garbage-first heap   total 157696K, used 17843K [0x0000000700e00000, 0x0000000800000000)
  region size 2048K, 1 young (2048K), 1 survivors (2048K)
 Metaspace       used 34378K, committed 34688K, reserved 1081344K
  class space    used 4375K, committed 4544K, reserved 1048576K
}
Event: 4.288 GC heap before
{Heap before GC invocations=9 (full 0):
 garbage-first heap   total 157696K, used 97715K [0x0000000700e00000, 0x0000000800000000)
  region size 2048K, 42 young (86016K), 1 survivors (2048K)
 Metaspace       used 35882K, committed 36160K, reserved 1081344K
  class space    used 4528K, committed 4672K, reserved 1048576K
}
Event: 4.291 GC heap after
{Heap after GC invocations=10 (full 0):
 garbage-first heap   total 157696K, used 18242K [0x0000000700e00000, 0x0000000800000000)
  region size 2048K, 1 young (2048K), 1 survivors (2048K)
 Metaspace       used 35882K, committed 36160K, reserved 1081344K
  class space    used 4528K, committed 4672K, reserved 1048576K
}
Event: 5.859 GC heap before
{Heap before GC invocations=11 (full 0):
 garbage-first heap   total 75776K, used 61250K [0x0000000700e00000, 0x0000000800000000)
  region size 2048K, 22 young (45056K), 1 survivors (2048K)
 Metaspace       used 45678K, committed 46080K, reserved 1089536K
  class space    used 5963K, committed 6144K, reserved 1048576K
}
Event: 5.864 GC heap after
{Heap after GC invocations=12 (full 0):
 garbage-first heap   total 75776K, used 20889K [0x0000000700e00000, 0x0000000800000000)
  region size 2048K, 3 young (6144K), 3 survivors (6144K)
 Metaspace       used 45678K, committed 46080K, reserved 1089536K
  class space    used 5963K, committed 6144K, reserved 1048576K
}
Event: 6.697 GC heap before
{Heap before GC invocations=12 (full 0):
 garbage-first heap   total 75776K, used 55705K [0x0000000700e00000, 0x0000000800000000)
  region size 2048K, 20 young (40960K), 3 survivors (6144K)
 Metaspace       used 53066K, committed 53376K, reserved 1097728K
  class space    used 7047K, committed 7232K, reserved 1048576K
}
Event: 6.706 GC heap after
{Heap after GC invocations=13 (full 0):
 garbage-first heap   total 75776K, used 22222K [0x0000000700e00000, 0x0000000800000000)
  region size 2048K, 3 young (6144K), 3 survivors (6144K)
 Metaspace       used 53066K, committed 53376K, reserved 1097728K
  class space    used 7047K, committed 7232K, reserved 1048576K
}
Event: 7.249 GC heap before
{Heap before GC invocations=13 (full 0):
 garbage-first heap   total 75776K, used 54990K [0x0000000700e00000, 0x0000000800000000)
  region size 2048K, 20 young (40960K), 3 survivors (6144K)
 Metaspace       used 57016K, committed 57344K, reserved 1105920K
  class space    used 7594K, committed 7744K, reserved 1048576K
}
Event: 7.255 GC heap after
{Heap after GC invocations=14 (full 0):
 garbage-first heap   total 75776K, used 24510K [0x0000000700e00000, 0x0000000800000000)
  region size 2048K, 2 young (4096K), 2 survivors (4096K)
 Metaspace       used 57016K, committed 57344K, reserved 1105920K
  class space    used 7594K, committed 7744K, reserved 1048576K
}
Event: 7.683 GC heap before
{Heap before GC invocations=14 (full 0):
 garbage-first heap   total 75776K, used 57278K [0x0000000700e00000, 0x0000000800000000)
  region size 2048K, 18 young (36864K), 2 survivors (4096K)
 Metaspace       used 59484K, committed 59840K, reserved 1105920K
  class space    used 7919K, committed 8064K, reserved 1048576K
}
Event: 7.688 GC heap after
{Heap after GC invocations=15 (full 0):
 garbage-first heap   total 75776K, used 25876K [0x0000000700e00000, 0x0000000800000000)
  region size 2048K, 2 young (4096K), 2 survivors (4096K)
 Metaspace       used 59484K, committed 59840K, reserved 1105920K
  class space    used 7919K, committed 8064K, reserved 1048576K
}
Event: 7.849 GC heap before
{Heap before GC invocations=15 (full 0):
 garbage-first heap   total 75776K, used 36116K [0x0000000700e00000, 0x0000000800000000)
  region size 2048K, 8 young (16384K), 2 survivors (4096K)
 Metaspace       used 60453K, committed 60736K, reserved 1105920K
  class space    used 8052K, committed 8192K, reserved 1048576K
}
Event: 7.853 GC heap after
{Heap after GC invocations=16 (full 0):
 garbage-first heap   total 92160K, used 26443K [0x0000000700e00000, 0x0000000800000000)
  region size 2048K, 1 young (2048K), 1 survivors (2048K)
 Metaspace       used 60453K, committed 60736K, reserved 1105920K
  class space    used 8052K, committed 8192K, reserved 1048576K
}
Event: 26.563 GC heap before
{Heap before GC invocations=17 (full 0):
 garbage-first heap   total 92160K, used 73547K [0x0000000700e00000, 0x0000000800000000)
  region size 2048K, 24 young (49152K), 1 survivors (2048K)
 Metaspace       used 66034K, committed 66432K, reserved 1114112K
  class space    used 8813K, committed 9024K, reserved 1048576K
}
Event: 26.570 GC heap after
{Heap after GC invocations=18 (full 0):
 garbage-first heap   total 92160K, used 30025K [0x0000000700e00000, 0x0000000800000000)
  region size 2048K, 3 young (6144K), 3 survivors (6144K)
 Metaspace       used 66034K, committed 66432K, reserved 1114112K
  class space    used 8813K, committed 9024K, reserved 1048576K
}

