# JRE version: OpenJDK Runtime Environment Temurin-17.0.1+12 (17.0.1+12) (build 17.0.1+12)
# Java VM: OpenJDK 64-Bit Server VM Temurin-17.0.1+12 (17.0.1+12, mixed mode, emulated-client, sharing, tiered, compressed oops, compressed class ptrs, g1 gc, windows-amd64)
GC Precious Log:
 CPUs: 12 total, 12 available
 Memory: 16320M
 Large Page Support: Disabled
 NUMA Support: Disabled
 Compressed Oops: Enabled (Zero based)
 Heap Region Size: 2M
 Heap Min Capacity: 8M
 Heap Initial Capacity: 256M
 Heap Max Capacity: 4082M
 Pre-touch: Disabled
 Parallel Workers: 10
 Concurrent Workers: 3
 Concurrent Refinement Workers: 10
 Periodic GC: Disabled
Heap:
 garbage-first heap   total 81920K, used 37770K [0x0000000700e00000, 0x0000000800000000)
  region size 2048K, 9 young (18432K), 3 survivors (6144K)
 Metaspace       used 56338K, committed 56768K, reserved 1097728K
  class space    used 7813K, committed 8000K, reserved 1048576K
GC Heap History (20 events):
Event: 1.119 GC heap before
{Heap before GC invocations=4 (full 0):
 garbage-first heap   total 55296K, used 41008K [0x0000000700e00000, 0x0000000800000000)
  region size 2048K, 18 young (36864K), 3 survivors (6144K)
 Metaspace       used 24292K, committed 24640K, reserved 1073152K
  class space    used 3231K, committed 3392K, reserved 1048576K
}
Event: 1.122 GC heap after
{Heap after GC invocations=5 (full 0):
 garbage-first heap   total 55296K, used 13498K [0x0000000700e00000, 0x0000000800000000)
  region size 2048K, 4 young (8192K), 4 survivors (8192K)
 Metaspace       used 24292K, committed 24640K, reserved 1073152K
  class space    used 3231K, committed 3392K, reserved 1048576K
}
Event: 1.142 GC heap before
{Heap before GC invocations=5 (full 0):
 garbage-first heap   total 55296K, used 15546K [0x0000000700e00000, 0x0000000800000000)
  region size 2048K, 5 young (10240K), 4 survivors (8192K)
 Metaspace       used 24500K, committed 24832K, reserved 1073152K
  class space    used 3259K, committed 3392K, reserved 1048576K
}
Event: 1.145 GC heap after
{Heap after GC invocations=6 (full 0):
 garbage-first heap   total 55296K, used 14021K [0x0000000700e00000, 0x0000000800000000)
  region size 2048K, 1 young (2048K), 1 survivors (2048K)
 Metaspace       used 24500K, committed 24832K, reserved 1073152K
  class space    used 3259K, committed 3392K, reserved 1048576K
}
Event: 1.317 GC heap before
{Heap before GC invocations=6 (full 0):
 garbage-first heap   total 55296K, used 34501K [0x0000000700e00000, 0x0000000800000000)
  region size 2048K, 11 young (22528K), 1 survivors (2048K)
 Metaspace       used 26852K, committed 27200K, reserved 1073152K
  class space    used 3622K, committed 3776K, reserved 1048576K
}
Event: 1.319 GC heap after
{Heap after GC invocations=7 (full 0):
 garbage-first heap   total 159744K, used 14420K [0x0000000700e00000, 0x0000000800000000)
  region size 2048K, 1 young (2048K), 1 survivors (2048K)
 Metaspace       used 26852K, committed 27200K, reserved 1073152K
  class space    used 3622K, committed 3776K, reserved 1048576K
}
Event: 1.653 GC heap before
{Heap before GC invocations=7 (full 0):
 garbage-first heap   total 159744K, used 104532K [0x0000000700e00000, 0x0000000800000000)
  region size 2048K, 46 young (94208K), 1 survivors (2048K)
 Metaspace       used 31752K, committed 32128K, reserved 1081344K
  class space    used 4314K, committed 4480K, reserved 1048576K
}
Event: 1.656 GC heap after
{Heap after GC invocations=8 (full 0):
 garbage-first heap   total 159744K, used 17474K [0x0000000700e00000, 0x0000000800000000)
  region size 2048K, 3 young (6144K), 3 survivors (6144K)
 Metaspace       used 31752K, committed 32128K, reserved 1081344K
  class space    used 4314K, committed 4480K, reserved 1048576K
}
Event: 2.313 GC heap before
{Heap before GC invocations=8 (full 0):
 garbage-first heap   total 159744K, used 64578K [0x0000000700e00000, 0x0000000800000000)
  region size 2048K, 28 young (57344K), 3 survivors (6144K)
 Metaspace       used 35603K, committed 35968K, reserved 1081344K
  class space    used 4699K, committed 4928K, reserved 1048576K
}
Event: 2.316 GC heap after
{Heap after GC invocations=9 (full 0):
 garbage-first heap   total 159744K, used 19463K [0x0000000700e00000, 0x0000000800000000)
  region size 2048K, 4 young (8192K), 4 survivors (8192K)
 Metaspace       used 35603K, committed 35968K, reserved 1081344K
  class space    used 4699K, committed 4928K, reserved 1048576K
}
Event: 2.660 GC heap before
{Heap before GC invocations=10 (full 0):
 garbage-first heap   total 81920K, used 60423K [0x0000000700e00000, 0x0000000800000000)
  region size 2048K, 24 young (49152K), 4 survivors (8192K)
 Metaspace       used 43513K, committed 43968K, reserved 1089536K
  class space    used 5876K, committed 6080K, reserved 1048576K
}
Event: 2.664 GC heap after
{Heap after GC invocations=11 (full 0):
 garbage-first heap   total 81920K, used 21281K [0x0000000700e00000, 0x0000000800000000)
  region size 2048K, 2 young (4096K), 2 survivors (4096K)
 Metaspace       used 43513K, committed 43968K, reserved 1089536K
  class space    used 5876K, committed 6080K, reserved 1048576K
}
Event: 2.684 GC heap before
{Heap before GC invocations=11 (full 0):
 garbage-first heap   total 81920K, used 23329K [0x0000000700e00000, 0x0000000800000000)
  region size 2048K, 3 young (6144K), 2 survivors (4096K)
 Metaspace       used 44230K, committed 44672K, reserved 1089536K
  class space    used 5943K, committed 6144K, reserved 1048576K
}
Event: 2.687 GC heap after
{Heap after GC invocations=12 (full 0):
 garbage-first heap   total 81920K, used 21796K [0x0000000700e00000, 0x0000000800000000)
  region size 2048K, 1 young (2048K), 1 survivors (2048K)
 Metaspace       used 44230K, committed 44672K, reserved 1089536K
  class space    used 5943K, committed 6144K, reserved 1048576K
}
Event: 2.999 GC heap before
{Heap before GC invocations=12 (full 0):
 garbage-first heap   total 81920K, used 60708K [0x0000000700e00000, 0x0000000800000000)
  region size 2048K, 21 young (43008K), 1 survivors (2048K)
 Metaspace       used 49530K, committed 49920K, reserved 1097728K
  class space    used 6798K, committed 6976K, reserved 1048576K
}
Event: 3.001 GC heap after
{Heap after GC invocations=13 (full 0):
 garbage-first heap   total 81920K, used 22997K [0x0000000700e00000, 0x0000000800000000)
  region size 2048K, 1 young (2048K), 1 survivors (2048K)
 Metaspace       used 49530K, committed 49920K, reserved 1097728K
  class space    used 6798K, committed 6976K, reserved 1048576K
}
Event: 3.235 GC heap before
{Heap before GC invocations=13 (full 0):
 garbage-first heap   total 81920K, used 63957K [0x0000000700e00000, 0x0000000800000000)
  region size 2048K, 21 young (43008K), 1 survivors (2048K)
 Metaspace       used 52085K, committed 52480K, reserved 1097728K
  class space    used 7194K, committed 7360K, reserved 1048576K
}
Event: 3.237 GC heap after
{Heap after GC invocations=14 (full 0):
 garbage-first heap   total 81920K, used 24904K [0x0000000700e00000, 0x0000000800000000)
  region size 2048K, 2 young (4096K), 2 survivors (4096K)
 Metaspace       used 52085K, committed 52480K, reserved 1097728K
  class space    used 7194K, committed 7360K, reserved 1048576K
}
Event: 3.547 GC heap before
{Heap before GC invocations=14 (full 0):
 garbage-first heap   total 81920K, used 63816K [0x0000000700e00000, 0x0000000800000000)
  region size 2048K, 21 young (43008K), 2 survivors (4096K)
 Metaspace       used 55243K, committed 55744K, reserved 1097728K
  class space    used 7650K, committed 7872K, reserved 1048576K
}
Event: 3.550 GC heap after
{Heap after GC invocations=15 (full 0):
 garbage-first heap   total 81920K, used 27530K [0x0000000700e00000, 0x0000000800000000)
  region size 2048K, 3 young (6144K), 3 survivors (6144K)
 Metaspace       used 55243K, committed 55744K, reserved 1097728K
  class space    used 7650K, committed 7872K, reserved 1048576K
}

