# JRE version: OpenJDK Runtime Environment (17.0+35) (build 17+35-2724)
# Java VM: OpenJDK 64-Bit Server VM (17+35-2724, mixed mode, sharing, tiered, compressed oops, compressed class ptrs, g1 gc, windows-amd64)
GC Precious Log:
 CPUs: 4 total, 4 available
 Memory: 16322M
 Large Page Support: Disabled
 NUMA Support: Disabled
 Compressed Oops: Enabled (Zero based)
 Heap Region Size: 2M
 Heap Min Capacity: 8M
 Heap Initial Capacity: 256M
 Heap Max Capacity: 4082M
 Pre-touch: Disabled
 Parallel Workers: 4
 Concurrent Workers: 1
 Concurrent Refinement Workers: 4
 Periodic GC: Disabled
Heap:
 garbage-first heap   total 94208K, used 41934K [0x0000000700e00000, 0x0000000800000000)
  region size 2048K, 11 young (22528K), 3 survivors (6144K)
 Metaspace       used 69597K, committed 69952K, reserved 1114112K
  class space    used 9239K, committed 9408K, reserved 1048576K
GC Heap History (20 events):
Event: 3.962 GC heap before
{Heap before GC invocations=7 (full 0):
 garbage-first heap   total 51200K, used 34823K [0x0000000700e00000, 0x0000000800000000)
  region size 2048K, 12 young (24576K), 2 survivors (4096K)
 Metaspace       used 32064K, committed 32384K, reserved 1081344K
  class space    used 4078K, committed 4224K, reserved 1048576K
}
Event: 3.968 GC heap after
{Heap after GC invocations=8 (full 0):
 garbage-first heap   total 157696K, used 16671K [0x0000000700e00000, 0x0000000800000000)
  region size 2048K, 2 young (4096K), 2 survivors (4096K)
 Metaspace       used 32064K, committed 32384K, reserved 1081344K
  class space    used 4078K, committed 4224K, reserved 1048576K
}
Event: 4.434 GC heap before
{Heap before GC invocations=8 (full 0):
 garbage-first heap   total 157696K, used 104735K [0x0000000700e00000, 0x0000000800000000)
  region size 2048K, 46 young (94208K), 2 survivors (4096K)
 Metaspace       used 34968K, committed 35264K, reserved 1081344K
  class space    used 4424K, committed 4544K, reserved 1048576K
}
Event: 4.442 GC heap after
{Heap after GC invocations=9 (full 0):
 garbage-first heap   total 157696K, used 18167K [0x0000000700e00000, 0x0000000800000000)
  region size 2048K, 3 young (6144K), 3 survivors (6144K)
 Metaspace       used 34968K, committed 35264K, reserved 1081344K
  class space    used 4424K, committed 4544K, reserved 1048576K
}
Event: 4.630 GC heap before
{Heap before GC invocations=9 (full 0):
 garbage-first heap   total 157696K, used 28407K [0x0000000700e00000, 0x0000000800000000)
  region size 2048K, 9 young (18432K), 3 survivors (6144K)
 Metaspace       used 35812K, committed 36096K, reserved 1081344K
  class space    used 4519K, committed 4672K, reserved 1048576K
}
Event: 4.637 GC heap after
{Heap after GC invocations=10 (full 0):
 garbage-first heap   total 157696K, used 18148K [0x0000000700e00000, 0x0000000800000000)
  region size 2048K, 3 young (6144K), 3 survivors (6144K)
 Metaspace       used 35812K, committed 36096K, reserved 1081344K
  class space    used 4519K, committed 4672K, reserved 1048576K
}
Event: 5.607 GC heap before
{Heap before GC invocations=11 (full 0):
 garbage-first heap   total 75776K, used 57060K [0x0000000700e00000, 0x0000000800000000)
  region size 2048K, 22 young (45056K), 3 survivors (6144K)
 Metaspace       used 44012K, committed 44288K, reserved 1089536K
  class space    used 5711K, committed 5824K, reserved 1048576K
}
Event: 5.613 GC heap after
{Heap after GC invocations=12 (full 0):
 garbage-first heap   total 75776K, used 20693K [0x0000000700e00000, 0x0000000800000000)
  region size 2048K, 3 young (6144K), 3 survivors (6144K)
 Metaspace       used 44012K, committed 44288K, reserved 1089536K
  class space    used 5711K, committed 5824K, reserved 1048576K
}
Event: 5.664 GC heap before
{Heap before GC invocations=12 (full 0):
 garbage-first heap   total 75776K, used 20693K [0x0000000700e00000, 0x0000000800000000)
  region size 2048K, 4 young (8192K), 3 survivors (6144K)
 Metaspace       used 44439K, committed 44800K, reserved 1089536K
  class space    used 5779K, committed 5952K, reserved 1048576K
}
Event: 5.669 GC heap after
{Heap after GC invocations=13 (full 0):
 garbage-first heap   total 75776K, used 21095K [0x0000000700e00000, 0x0000000800000000)
  region size 2048K, 1 young (2048K), 1 survivors (2048K)
 Metaspace       used 44439K, committed 44800K, reserved 1089536K
  class space    used 5779K, committed 5952K, reserved 1048576K
}
Event: 6.727 GC heap before
{Heap before GC invocations=13 (full 0):
 garbage-first heap   total 75776K, used 55911K [0x0000000700e00000, 0x0000000800000000)
  region size 2048K, 19 young (38912K), 1 survivors (2048K)
 Metaspace       used 52741K, committed 53120K, reserved 1097728K
  class space    used 7016K, committed 7232K, reserved 1048576K
}
Event: 6.730 GC heap after
{Heap after GC invocations=14 (full 0):
 garbage-first heap   total 75776K, used 22001K [0x0000000700e00000, 0x0000000800000000)
  region size 2048K, 1 young (2048K), 1 survivors (2048K)
 Metaspace       used 52741K, committed 53120K, reserved 1097728K
  class space    used 7016K, committed 7232K, reserved 1048576K
}
Event: 7.422 GC heap before
{Heap before GC invocations=14 (full 0):
 garbage-first heap   total 75776K, used 56817K [0x0000000700e00000, 0x0000000800000000)
  region size 2048K, 19 young (38912K), 1 survivors (2048K)
 Metaspace       used 57050K, committed 57344K, reserved 1105920K
  class space    used 7591K, committed 7744K, reserved 1048576K
}
Event: 7.427 GC heap after
{Heap after GC invocations=15 (full 0):
 garbage-first heap   total 75776K, used 23876K [0x0000000700e00000, 0x0000000800000000)
  region size 2048K, 2 young (4096K), 2 survivors (4096K)
 Metaspace       used 57050K, committed 57344K, reserved 1105920K
  class space    used 7591K, committed 7744K, reserved 1048576K
}
Event: 8.006 GC heap before
{Heap before GC invocations=15 (full 0):
 garbage-first heap   total 75776K, used 58692K [0x0000000700e00000, 0x0000000800000000)
  region size 2048K, 19 young (38912K), 2 survivors (4096K)
 Metaspace       used 59491K, committed 59840K, reserved 1105920K
  class space    used 7918K, committed 8064K, reserved 1048576K
}
Event: 8.012 GC heap after
{Heap after GC invocations=16 (full 0):
 garbage-first heap   total 75776K, used 25207K [0x0000000700e00000, 0x0000000800000000)
  region size 2048K, 2 young (4096K), 2 survivors (4096K)
 Metaspace       used 59491K, committed 59840K, reserved 1105920K
  class space    used 7918K, committed 8064K, reserved 1048576K
}
Event: 8.174 GC heap before
{Heap before GC invocations=16 (full 0):
 garbage-first heap   total 75776K, used 31351K [0x0000000700e00000, 0x0000000800000000)
  region size 2048K, 6 young (12288K), 2 survivors (4096K)
 Metaspace       used 60297K, committed 60608K, reserved 1105920K
  class space    used 8022K, committed 8192K, reserved 1048576K
}
Event: 8.179 GC heap after
{Heap after GC invocations=17 (full 0):
 garbage-first heap   total 94208K, used 25749K [0x0000000700e00000, 0x0000000800000000)
  region size 2048K, 1 young (2048K), 1 survivors (2048K)
 Metaspace       used 60297K, committed 60608K, reserved 1105920K
  class space    used 8022K, committed 8192K, reserved 1048576K
}
Event: 11.573 GC heap before
{Heap before GC invocations=18 (full 0):
 garbage-first heap   total 94208K, used 72853K [0x0000000700e00000, 0x0000000800000000)
  region size 2048K, 25 young (51200K), 1 survivors (2048K)
 Metaspace       used 66332K, committed 66688K, reserved 1114112K
  class space    used 8841K, committed 9024K, reserved 1048576K
}
Event: 11.579 GC heap after
{Heap after GC invocations=19 (full 0):
 garbage-first heap   total 94208K, used 29646K [0x0000000700e00000, 0x0000000800000000)
  region size 2048K, 3 young (6144K), 3 survivors (6144K)
 Metaspace       used 66332K, committed 66688K, reserved 1114112K
  class space    used 8841K, committed 9024K, reserved 1048576K
}

