# JRE version: OpenJDK Runtime Environment Temurin-17.0.1+12 (17.0.1+12) (build 17.0.1+12)
# Java VM: OpenJDK 64-Bit Server VM Temurin-17.0.1+12 (17.0.1+12, mixed mode, emulated-client, sharing, tiered, compressed oops, compressed class ptrs, g1 gc, windows-amd64)
GC Precious Log:
 CPUs: 12 total, 12 available
 Memory: 16320M
 Large Page Support: Disabled
 NUMA Support: Disabled
 Compressed Oops: Enabled (Zero based)
 Heap Region Size: 2M
 Heap Min Capacity: 8M
 Heap Initial Capacity: 256M
 Heap Max Capacity: 4082M
 Pre-touch: Disabled
 Parallel Workers: 10
 Concurrent Workers: 3
 Concurrent Refinement Workers: 10
 Periodic GC: Disabled
Heap:
 garbage-first heap   total 116736K, used 50868K [0x0000000700e00000, 0x0000000800000000)
  region size 2048K, 16 young (32768K), 3 survivors (6144K)
 Metaspace       used 56355K, committed 56768K, reserved 1097728K
  class space    used 7809K, committed 8000K, reserved 1048576K
GC Heap History (20 events):
Event: 0.980 GC heap before
{Heap before GC invocations=2 (full 0):
 garbage-first heap   total 262144K, used 157279K [0x0000000700e00000, 0x0000000800000000)
  region size 2048K, 76 young (155648K), 1 survivors (2048K)
 Metaspace       used 21231K, committed 21504K, reserved 1073152K
  class space    used 2782K, committed 2944K, reserved 1048576K
}
Event: 0.984 GC heap after
{Heap after GC invocations=3 (full 0):
 garbage-first heap   total 262144K, used 12326K [0x0000000700e00000, 0x0000000800000000)
  region size 2048K, 3 young (6144K), 3 survivors (6144K)
 Metaspace       used 21231K, committed 21504K, reserved 1073152K
  class space    used 2782K, committed 2944K, reserved 1048576K
}
Event: 1.182 GC heap before
{Heap before GC invocations=4 (full 0):
 garbage-first heap   total 61440K, used 45094K [0x0000000700e00000, 0x0000000800000000)
  region size 2048K, 20 young (40960K), 3 survivors (6144K)
 Metaspace       used 24945K, committed 25280K, reserved 1073152K
  class space    used 3309K, committed 3456K, reserved 1048576K
}
Event: 1.186 GC heap after
{Heap after GC invocations=5 (full 0):
 garbage-first heap   total 61440K, used 13799K [0x0000000700e00000, 0x0000000800000000)
  region size 2048K, 4 young (8192K), 4 survivors (8192K)
 Metaspace       used 24945K, committed 25280K, reserved 1073152K
  class space    used 3309K, committed 3456K, reserved 1048576K
}
Event: 1.206 GC heap before
{Heap before GC invocations=5 (full 0):
 garbage-first heap   total 61440K, used 15847K [0x0000000700e00000, 0x0000000800000000)
  region size 2048K, 5 young (10240K), 4 survivors (8192K)
 Metaspace       used 25392K, committed 25728K, reserved 1073152K
  class space    used 3383K, committed 3520K, reserved 1048576K
}
Event: 1.211 GC heap after
{Heap after GC invocations=6 (full 0):
 garbage-first heap   total 61440K, used 14377K [0x0000000700e00000, 0x0000000800000000)
  region size 2048K, 1 young (2048K), 1 survivors (2048K)
 Metaspace       used 25392K, committed 25728K, reserved 1073152K
  class space    used 3383K, committed 3520K, reserved 1048576K
}
Event: 1.476 GC heap before
{Heap before GC invocations=6 (full 0):
 garbage-first heap   total 61440K, used 41001K [0x0000000700e00000, 0x0000000800000000)
  region size 2048K, 14 young (28672K), 1 survivors (2048K)
 Metaspace       used 28448K, committed 28800K, reserved 1081344K
  class space    used 3863K, committed 4032K, reserved 1048576K
}
Event: 1.478 GC heap after
{Heap after GC invocations=7 (full 0):
 garbage-first heap   total 161792K, used 15382K [0x0000000700e00000, 0x0000000800000000)
  region size 2048K, 2 young (4096K), 2 survivors (4096K)
 Metaspace       used 28448K, committed 28800K, reserved 1081344K
  class space    used 3863K, committed 4032K, reserved 1048576K
}
Event: 1.702 GC heap before
{Heap before GC invocations=7 (full 0):
 garbage-first heap   total 161792K, used 105494K [0x0000000700e00000, 0x0000000800000000)
  region size 2048K, 47 young (96256K), 2 survivors (4096K)
 Metaspace       used 31749K, committed 32128K, reserved 1081344K
  class space    used 4311K, committed 4480K, reserved 1048576K
}
Event: 1.705 GC heap after
{Heap after GC invocations=8 (full 0):
 garbage-first heap   total 161792K, used 17684K [0x0000000700e00000, 0x0000000800000000)
  region size 2048K, 3 young (6144K), 3 survivors (6144K)
 Metaspace       used 31749K, committed 32128K, reserved 1081344K
  class space    used 4311K, committed 4480K, reserved 1048576K
}
Event: 1.917 GC heap before
{Heap before GC invocations=8 (full 0):
 garbage-first heap   total 161792K, used 52500K [0x0000000700e00000, 0x0000000800000000)
  region size 2048K, 22 young (45056K), 3 survivors (6144K)
 Metaspace       used 35729K, committed 36096K, reserved 1081344K
  class space    used 4693K, committed 4928K, reserved 1048576K
}
Event: 1.920 GC heap after
{Heap after GC invocations=9 (full 0):
 garbage-first heap   total 161792K, used 19658K [0x0000000700e00000, 0x0000000800000000)
  region size 2048K, 4 young (8192K), 4 survivors (8192K)
 Metaspace       used 35729K, committed 36096K, reserved 1081344K
  class space    used 4693K, committed 4928K, reserved 1048576K
}
Event: 2.268 GC heap before
{Heap before GC invocations=10 (full 0):
 garbage-first heap   total 81920K, used 60618K [0x0000000700e00000, 0x0000000800000000)
  region size 2048K, 24 young (49152K), 4 survivors (8192K)
 Metaspace       used 43480K, committed 43904K, reserved 1089536K
  class space    used 5866K, committed 6080K, reserved 1048576K
}
Event: 2.272 GC heap after
{Heap after GC invocations=11 (full 0):
 garbage-first heap   total 81920K, used 21203K [0x0000000700e00000, 0x0000000800000000)
  region size 2048K, 2 young (4096K), 2 survivors (4096K)
 Metaspace       used 43480K, committed 43904K, reserved 1089536K
  class space    used 5866K, committed 6080K, reserved 1048576K
}
Event: 2.290 GC heap before
{Heap before GC invocations=11 (full 0):
 garbage-first heap   total 81920K, used 21203K [0x0000000700e00000, 0x0000000800000000)
  region size 2048K, 3 young (6144K), 2 survivors (4096K)
 Metaspace       used 43732K, committed 44160K, reserved 1089536K
  class space    used 5898K, committed 6080K, reserved 1048576K
}
Event: 2.293 GC heap after
{Heap after GC invocations=12 (full 0):
 garbage-first heap   total 81920K, used 21963K [0x0000000700e00000, 0x0000000800000000)
  region size 2048K, 1 young (2048K), 1 survivors (2048K)
 Metaspace       used 43732K, committed 44160K, reserved 1089536K
  class space    used 5898K, committed 6080K, reserved 1048576K
}
Event: 2.607 GC heap before
{Heap before GC invocations=12 (full 0):
 garbage-first heap   total 81920K, used 60875K [0x0000000700e00000, 0x0000000800000000)
  region size 2048K, 21 young (43008K), 1 survivors (2048K)
 Metaspace       used 49511K, committed 49856K, reserved 1097728K
  class space    used 6785K, committed 6976K, reserved 1048576K
}
Event: 2.608 GC heap after
{Heap after GC invocations=13 (full 0):
 garbage-first heap   total 116736K, used 23021K [0x0000000700e00000, 0x0000000800000000)
  region size 2048K, 1 young (2048K), 1 survivors (2048K)
 Metaspace       used 49511K, committed 49856K, reserved 1097728K
  class space    used 6785K, committed 6976K, reserved 1048576K
}
Event: 3.062 GC heap before
{Heap before GC invocations=13 (full 0):
 garbage-first heap   total 116736K, used 90605K [0x0000000700e00000, 0x0000000800000000)
  region size 2048K, 34 young (69632K), 1 survivors (2048K)
 Metaspace       used 54333K, committed 54784K, reserved 1097728K
  class space    used 7510K, committed 7680K, reserved 1048576K
}
Event: 3.064 GC heap after
{Heap after GC invocations=14 (full 0):
 garbage-first heap   total 116736K, used 26292K [0x0000000700e00000, 0x0000000800000000)
  region size 2048K, 3 young (6144K), 3 survivors (6144K)
 Metaspace       used 54333K, committed 54784K, reserved 1097728K
  class space    used 7510K, committed 7680K, reserved 1048576K
}

