# JRE version: OpenJDK Runtime Environment (17.0+35) (build 17+35-2724)
# Java VM: OpenJDK 64-Bit Server VM (17+35-2724, mixed mode, sharing, tiered, compressed oops, compressed class ptrs, g1 gc, windows-amd64)
GC Precious Log:
 CPUs: 4 total, 4 available
 Memory: 16322M
 Large Page Support: Disabled
 NUMA Support: Disabled
 Compressed Oops: Enabled (Zero based)
 Heap Region Size: 2M
 Heap Min Capacity: 8M
 Heap Initial Capacity: 256M
 Heap Max Capacity: 4082M
 Pre-touch: Disabled
 Parallel Workers: 4
 Concurrent Workers: 1
 Concurrent Refinement Workers: 4
 Periodic GC: Disabled
Heap:
 garbage-first heap   total 81920K, used 38023K [0x0000000700e00000, 0x0000000800000000)
  region size 2048K, 8 young (16384K), 3 survivors (6144K)
 Metaspace       used 69527K, committed 69888K, reserved 1114112K
  class space    used 9228K, committed 9408K, reserved 1048576K
GC Heap History (20 events):
Event: 2.698 GC heap before
{Heap before GC invocations=6 (full 0):
 garbage-first heap   total 51200K, used 35460K [0x0000000700e00000, 0x0000000800000000)
  region size 2048K, 15 young (30720K), 4 survivors (8192K)
 Metaspace       used 29257K, committed 29568K, reserved 1081344K
  class space    used 3701K, committed 3840K, reserved 1048576K
}
Event: 2.705 GC heap after
{Heap after GC invocations=7 (full 0):
 garbage-first heap   total 51200K, used 15015K [0x0000000700e00000, 0x0000000800000000)
  region size 2048K, 2 young (4096K), 2 survivors (4096K)
 Metaspace       used 29257K, committed 29568K, reserved 1081344K
  class space    used 3701K, committed 3840K, reserved 1048576K
}
Event: 3.161 GC heap before
{Heap before GC invocations=7 (full 0):
 garbage-first heap   total 51200K, used 35495K [0x0000000700e00000, 0x0000000800000000)
  region size 2048K, 12 young (24576K), 2 survivors (4096K)
 Metaspace       used 33052K, committed 33344K, reserved 1081344K
  class space    used 4256K, committed 4416K, reserved 1048576K
}
Event: 3.170 GC heap after
{Heap after GC invocations=8 (full 0):
 garbage-first heap   total 157696K, used 16721K [0x0000000700e00000, 0x0000000800000000)
  region size 2048K, 2 young (4096K), 2 survivors (4096K)
 Metaspace       used 33052K, committed 33344K, reserved 1081344K
  class space    used 4256K, committed 4416K, reserved 1048576K
}
Event: 3.431 GC heap before
{Heap before GC invocations=8 (full 0):
 garbage-first heap   total 157696K, used 102737K [0x0000000700e00000, 0x0000000800000000)
  region size 2048K, 45 young (92160K), 2 survivors (4096K)
 Metaspace       used 34805K, committed 35200K, reserved 1081344K
  class space    used 4415K, committed 4608K, reserved 1048576K
}
Event: 3.436 GC heap after
{Heap after GC invocations=9 (full 0):
 garbage-first heap   total 157696K, used 17719K [0x0000000700e00000, 0x0000000800000000)
  region size 2048K, 3 young (6144K), 3 survivors (6144K)
 Metaspace       used 34805K, committed 35200K, reserved 1081344K
  class space    used 4415K, committed 4608K, reserved 1048576K
}
Event: 3.525 GC heap before
{Heap before GC invocations=9 (full 0):
 garbage-first heap   total 157696K, used 23863K [0x0000000700e00000, 0x0000000800000000)
  region size 2048K, 7 young (14336K), 3 survivors (6144K)
 Metaspace       used 35852K, committed 36096K, reserved 1081344K
  class space    used 4534K, committed 4672K, reserved 1048576K
}
Event: 3.530 GC heap after
{Heap after GC invocations=10 (full 0):
 garbage-first heap   total 157696K, used 18077K [0x0000000700e00000, 0x0000000800000000)
  region size 2048K, 3 young (6144K), 3 survivors (6144K)
 Metaspace       used 35852K, committed 36096K, reserved 1081344K
  class space    used 4534K, committed 4672K, reserved 1048576K
}
Event: 4.467 GC heap before
{Heap before GC invocations=11 (full 0):
 garbage-first heap   total 75776K, used 56989K [0x0000000700e00000, 0x0000000800000000)
  region size 2048K, 22 young (45056K), 3 survivors (6144K)
 Metaspace       used 44629K, committed 44928K, reserved 1089536K
  class space    used 5873K, committed 6016K, reserved 1048576K
}
Event: 4.478 GC heap after
{Heap after GC invocations=12 (full 0):
 garbage-first heap   total 75776K, used 20763K [0x0000000700e00000, 0x0000000800000000)
  region size 2048K, 3 young (6144K), 3 survivors (6144K)
 Metaspace       used 44629K, committed 44928K, reserved 1089536K
  class space    used 5873K, committed 6016K, reserved 1048576K
}
Event: 4.560 GC heap before
{Heap before GC invocations=12 (full 0):
 garbage-first heap   total 75776K, used 22811K [0x0000000700e00000, 0x0000000800000000)
  region size 2048K, 4 young (8192K), 3 survivors (6144K)
 Metaspace       used 45438K, committed 45760K, reserved 1089536K
  class space    used 5946K, committed 6080K, reserved 1048576K
}
Event: 4.563 GC heap after
{Heap after GC invocations=13 (full 0):
 garbage-first heap   total 75776K, used 20932K [0x0000000700e00000, 0x0000000800000000)
  region size 2048K, 1 young (2048K), 1 survivors (2048K)
 Metaspace       used 45438K, committed 45760K, reserved 1089536K
  class space    used 5946K, committed 6080K, reserved 1048576K
}
Event: 5.409 GC heap before
{Heap before GC invocations=13 (full 0):
 garbage-first heap   total 75776K, used 55748K [0x0000000700e00000, 0x0000000800000000)
  region size 2048K, 18 young (36864K), 1 survivors (2048K)
 Metaspace       used 53405K, committed 53696K, reserved 1097728K
  class space    used 7124K, committed 7232K, reserved 1048576K
}
Event: 5.412 GC heap after
{Heap after GC invocations=14 (full 0):
 garbage-first heap   total 92160K, used 21851K [0x0000000700e00000, 0x0000000800000000)
  region size 2048K, 1 young (2048K), 1 survivors (2048K)
 Metaspace       used 53405K, committed 53696K, reserved 1097728K
  class space    used 7124K, committed 7232K, reserved 1048576K
}
Event: 6.507 GC heap before
{Heap before GC invocations=15 (full 0):
 garbage-first heap   total 81920K, used 68955K [0x0000000700e00000, 0x0000000800000000)
  region size 2048K, 25 young (51200K), 1 survivors (2048K)
 Metaspace       used 58378K, committed 58816K, reserved 1105920K
  class space    used 7812K, committed 8000K, reserved 1048576K
}
Event: 6.512 GC heap after
{Heap after GC invocations=16 (full 0):
 garbage-first heap   total 81920K, used 24592K [0x0000000700e00000, 0x0000000800000000)
  region size 2048K, 3 young (6144K), 3 survivors (6144K)
 Metaspace       used 58378K, committed 58816K, reserved 1105920K
  class space    used 7812K, committed 8000K, reserved 1048576K
}
Event: 7.266 GC heap before
{Heap before GC invocations=16 (full 0):
 garbage-first heap   total 81920K, used 63504K [0x0000000700e00000, 0x0000000800000000)
  region size 2048K, 22 young (45056K), 3 survivors (6144K)
 Metaspace       used 61364K, committed 61760K, reserved 1105920K
  class space    used 8207K, committed 8384K, reserved 1048576K
}
Event: 7.276 GC heap after
{Heap after GC invocations=17 (full 0):
 garbage-first heap   total 81920K, used 26717K [0x0000000700e00000, 0x0000000800000000)
  region size 2048K, 3 young (6144K), 3 survivors (6144K)
 Metaspace       used 61364K, committed 61760K, reserved 1105920K
  class space    used 8207K, committed 8384K, reserved 1048576K
}
Event: 9.960 GC heap before
{Heap before GC invocations=17 (full 0):
 garbage-first heap   total 81920K, used 63581K [0x0000000700e00000, 0x0000000800000000)
  region size 2048K, 21 young (43008K), 3 survivors (6144K)
 Metaspace       used 67835K, committed 68224K, reserved 1114112K
  class space    used 9019K, committed 9216K, reserved 1048576K
}
Event: 9.970 GC heap after
{Heap after GC invocations=18 (full 0):
 garbage-first heap   total 81920K, used 29831K [0x0000000700e00000, 0x0000000800000000)
  region size 2048K, 3 young (6144K), 3 survivors (6144K)
 Metaspace       used 67835K, committed 68224K, reserved 1114112K
  class space    used 9019K, committed 9216K, reserved 1048576K
}

