# JRE version: OpenJDK Runtime Environment (17.0+35) (build 17+35-2724)
# Java VM: OpenJDK 64-Bit Server VM (17+35-2724, mixed mode, sharing, tiered, compressed oops, compressed class ptrs, g1 gc, windows-amd64)
GC Precious Log:
 CPUs: 4 total, 4 available
 Memory: 16322M
 Large Page Support: Disabled
 NUMA Support: Disabled
 Compressed Oops: Enabled (Zero based)
 Heap Region Size: 2M
 Heap Min Capacity: 8M
 Heap Initial Capacity: 256M
 Heap Max Capacity: 4082M
 Pre-touch: Disabled
 Parallel Workers: 4
 Concurrent Workers: 1
 Concurrent Refinement Workers: 4
 Periodic GC: Disabled
Heap:
 garbage-first heap   total 145408K, used 34363K [0x0000000700e00000, 0x0000000800000000)
  region size 2048K, 5 young (10240K), 2 survivors (4096K)
 Metaspace       used 69655K, committed 70080K, reserved 1114112K
  class space    used 9242K, committed 9408K, reserved 1048576K
GC Heap History (20 events):
Event: 4.469 GC heap before
{Heap before GC invocations=9 (full 0):
 garbage-first heap   total 51200K, used 34288K [0x0000000700e00000, 0x0000000800000000)
  region size 2048K, 10 young (20480K), 1 survivors (2048K)
 Metaspace       used 34373K, committed 34688K, reserved 1081344K
  class space    used 4377K, committed 4544K, reserved 1048576K
}
Event: 4.472 GC heap after
{Heap after GC invocations=10 (full 0):
 garbage-first heap   total 157696K, used 17735K [0x0000000700e00000, 0x0000000800000000)
  region size 2048K, 1 young (2048K), 1 survivors (2048K)
 Metaspace       used 34373K, committed 34688K, reserved 1081344K
  class space    used 4377K, committed 4544K, reserved 1048576K
}
Event: 4.781 GC heap before
{Heap before GC invocations=10 (full 0):
 garbage-first heap   total 157696K, used 81223K [0x0000000700e00000, 0x0000000800000000)
  region size 2048K, 34 young (69632K), 1 survivors (2048K)
 Metaspace       used 35699K, committed 35968K, reserved 1081344K
  class space    used 4520K, committed 4672K, reserved 1048576K
}
Event: 4.783 GC heap after
{Heap after GC invocations=11 (full 0):
 garbage-first heap   total 157696K, used 18079K [0x0000000700e00000, 0x0000000800000000)
  region size 2048K, 1 young (2048K), 1 survivors (2048K)
 Metaspace       used 35699K, committed 35968K, reserved 1081344K
  class space    used 4520K, committed 4672K, reserved 1048576K
}
Event: 5.734 GC heap before
{Heap before GC invocations=12 (full 0):
 garbage-first heap   total 69632K, used 56991K [0x0000000700e00000, 0x0000000800000000)
  region size 2048K, 20 young (40960K), 1 survivors (2048K)
 Metaspace       used 43878K, committed 44224K, reserved 1089536K
  class space    used 5702K, committed 5824K, reserved 1048576K
}
Event: 5.740 GC heap after
{Heap after GC invocations=13 (full 0):
 garbage-first heap   total 69632K, used 20651K [0x0000000700e00000, 0x0000000800000000)
  region size 2048K, 3 young (6144K), 3 survivors (6144K)
 Metaspace       used 43878K, committed 44224K, reserved 1089536K
  class space    used 5702K, committed 5824K, reserved 1048576K
}
Event: 5.790 GC heap before
{Heap before GC invocations=13 (full 0):
 garbage-first heap   total 69632K, used 22699K [0x0000000700e00000, 0x0000000800000000)
  region size 2048K, 4 young (8192K), 3 survivors (6144K)
 Metaspace       used 44310K, committed 44736K, reserved 1089536K
  class space    used 5756K, committed 5952K, reserved 1048576K
}
Event: 5.796 GC heap after
{Heap after GC invocations=14 (full 0):
 garbage-first heap   total 69632K, used 20386K [0x0000000700e00000, 0x0000000800000000)
  region size 2048K, 1 young (2048K), 1 survivors (2048K)
 Metaspace       used 44310K, committed 44736K, reserved 1089536K
  class space    used 5756K, committed 5952K, reserved 1048576K
}
Event: 6.624 GC heap before
{Heap before GC invocations=14 (full 0):
 garbage-first heap   total 69632K, used 51106K [0x0000000700e00000, 0x0000000800000000)
  region size 2048K, 16 young (32768K), 1 survivors (2048K)
 Metaspace       used 51412K, committed 51776K, reserved 1097728K
  class space    used 6788K, committed 6976K, reserved 1048576K
}
Event: 6.628 GC heap after
{Heap after GC invocations=15 (full 0):
 garbage-first heap   total 69632K, used 21358K [0x0000000700e00000, 0x0000000800000000)
  region size 2048K, 1 young (2048K), 1 survivors (2048K)
 Metaspace       used 51412K, committed 51776K, reserved 1097728K
  class space    used 6788K, committed 6976K, reserved 1048576K
}
Event: 7.243 GC heap before
{Heap before GC invocations=16 (full 0):
 garbage-first heap   total 69632K, used 52078K [0x0000000700e00000, 0x0000000800000000)
  region size 2048K, 17 young (34816K), 1 survivors (2048K)
 Metaspace       used 55723K, committed 56128K, reserved 1097728K
  class space    used 7424K, committed 7616K, reserved 1048576K
}
Event: 7.247 GC heap after
{Heap after GC invocations=17 (full 0):
 garbage-first heap   total 69632K, used 22921K [0x0000000700e00000, 0x0000000800000000)
  region size 2048K, 2 young (4096K), 2 survivors (4096K)
 Metaspace       used 55723K, committed 56128K, reserved 1097728K
  class space    used 7424K, committed 7616K, reserved 1048576K
}
Event: 7.762 GC heap before
{Heap before GC invocations=17 (full 0):
 garbage-first heap   total 69632K, used 53641K [0x0000000700e00000, 0x0000000800000000)
  region size 2048K, 17 young (34816K), 2 survivors (4096K)
 Metaspace       used 58678K, committed 59072K, reserved 1105920K
  class space    used 7841K, committed 8000K, reserved 1048576K
}
Event: 7.767 GC heap after
{Heap after GC invocations=18 (full 0):
 garbage-first heap   total 69632K, used 24527K [0x0000000700e00000, 0x0000000800000000)
  region size 2048K, 3 young (6144K), 3 survivors (6144K)
 Metaspace       used 58678K, committed 59072K, reserved 1105920K
  class space    used 7841K, committed 8000K, reserved 1048576K
}
Event: 8.145 GC heap before
{Heap before GC invocations=18 (full 0):
 garbage-first heap   total 69632K, used 53199K [0x0000000700e00000, 0x0000000800000000)
  region size 2048K, 17 young (34816K), 3 survivors (6144K)
 Metaspace       used 60801K, committed 61184K, reserved 1105920K
  class space    used 8125K, committed 8320K, reserved 1048576K
}
Event: 8.151 GC heap after
{Heap after GC invocations=19 (full 0):
 garbage-first heap   total 69632K, used 25749K [0x0000000700e00000, 0x0000000800000000)
  region size 2048K, 3 young (6144K), 3 survivors (6144K)
 Metaspace       used 60801K, committed 61184K, reserved 1105920K
  class space    used 8125K, committed 8320K, reserved 1048576K
}
Event: 8.678 GC heap before
{Heap before GC invocations=19 (full 0):
 garbage-first heap   total 69632K, used 52373K [0x0000000700e00000, 0x0000000800000000)
  region size 2048K, 16 young (32768K), 3 survivors (6144K)
 Metaspace       used 62975K, committed 63360K, reserved 1105920K
  class space    used 8417K, committed 8576K, reserved 1048576K
}
Event: 8.684 GC heap after
{Heap after GC invocations=20 (full 0):
 garbage-first heap   total 69632K, used 28381K [0x0000000700e00000, 0x0000000800000000)
  region size 2048K, 2 young (4096K), 2 survivors (4096K)
 Metaspace       used 62975K, committed 63360K, reserved 1105920K
  class space    used 8417K, committed 8576K, reserved 1048576K
}
Event: 18.574 GC heap before
{Heap before GC invocations=20 (full 0):
 garbage-first heap   total 69632K, used 52957K [0x0000000700e00000, 0x0000000800000000)
  region size 2048K, 15 young (30720K), 2 survivors (4096K)
 Metaspace       used 69049K, committed 69440K, reserved 1114112K
  class space    used 9170K, committed 9344K, reserved 1048576K
}
Event: 18.581 GC heap after
{Heap after GC invocations=21 (full 0):
 garbage-first heap   total 145408K, used 30267K [0x0000000700e00000, 0x0000000800000000)
  region size 2048K, 2 young (4096K), 2 survivors (4096K)
 Metaspace       used 69049K, committed 69440K, reserved 1114112K
  class space    used 9170K, committed 9344K, reserved 1048576K
}

