# JRE version: OpenJDK Runtime Environment (17.0+35) (build 17+35-2724)
# Java VM: OpenJDK 64-Bit Server VM (17+35-2724, mixed mode, sharing, tiered, compressed oops, compressed class ptrs, g1 gc, windows-amd64)
GC Precious Log:
 CPUs: 4 total, 4 available
 Memory: 16322M
 Large Page Support: Disabled
 NUMA Support: Disabled
 Compressed Oops: Enabled (Zero based)
 Heap Region Size: 2M
 Heap Min Capacity: 8M
 Heap Initial Capacity: 256M
 Heap Max Capacity: 4082M
 Pre-touch: Disabled
 Parallel Workers: 4
 Concurrent Workers: 1
 Concurrent Refinement Workers: 4
 Periodic GC: Disabled
Heap:
 garbage-first heap   total 75776K, used 32333K [0x0000000700e00000, 0x0000000800000000)
  region size 2048K, 5 young (10240K), 3 survivors (6144K)
 Metaspace       used 69584K, committed 69952K, reserved 1114112K
  class space    used 9241K, committed 9408K, reserved 1048576K
GC Heap History (20 events):
Event: 4.702 GC heap before
{Heap before GC invocations=8 (full 0):
 garbage-first heap   total 57344K, used 39848K [0x0000000700e00000, 0x0000000800000000)
  region size 2048K, 14 young (28672K), 2 survivors (4096K)
 Metaspace       used 34388K, committed 34752K, reserved 1081344K
  class space    used 4374K, committed 4544K, reserved 1048576K
}
Event: 4.705 GC heap after
{Heap after GC invocations=9 (full 0):
 garbage-first heap   total 57344K, used 17344K [0x0000000700e00000, 0x0000000800000000)
  region size 2048K, 1 young (2048K), 1 survivors (2048K)
 Metaspace       used 34388K, committed 34752K, reserved 1081344K
  class space    used 4374K, committed 4544K, reserved 1048576K
}
Event: 4.799 GC heap before
{Heap before GC invocations=9 (full 0):
 garbage-first heap   total 57344K, used 39872K [0x0000000700e00000, 0x0000000800000000)
  region size 2048K, 13 young (26624K), 1 survivors (2048K)
 Metaspace       used 34960K, committed 35264K, reserved 1081344K
  class space    used 4426K, committed 4608K, reserved 1048576K
}
Event: 4.802 GC heap after
{Heap after GC invocations=10 (full 0):
 garbage-first heap   total 159744K, used 17763K [0x0000000700e00000, 0x0000000800000000)
  region size 2048K, 1 young (2048K), 1 survivors (2048K)
 Metaspace       used 34960K, committed 35264K, reserved 1081344K
  class space    used 4426K, committed 4608K, reserved 1048576K
}
Event: 5.032 GC heap before
{Heap before GC invocations=10 (full 0):
 garbage-first heap   total 159744K, used 52579K [0x0000000700e00000, 0x0000000800000000)
  region size 2048K, 20 young (40960K), 1 survivors (2048K)
 Metaspace       used 35818K, committed 36096K, reserved 1081344K
  class space    used 4522K, committed 4672K, reserved 1048576K
}
Event: 5.034 GC heap after
{Heap after GC invocations=11 (full 0):
 garbage-first heap   total 159744K, used 17920K [0x0000000700e00000, 0x0000000800000000)
  region size 2048K, 1 young (2048K), 1 survivors (2048K)
 Metaspace       used 35818K, committed 36096K, reserved 1081344K
  class space    used 4522K, committed 4672K, reserved 1048576K
}
Event: 6.098 GC heap before
{Heap before GC invocations=12 (full 0):
 garbage-first heap   total 75776K, used 60928K [0x0000000700e00000, 0x0000000800000000)
  region size 2048K, 22 young (45056K), 1 survivors (2048K)
 Metaspace       used 44852K, committed 45184K, reserved 1089536K
  class space    used 5883K, committed 6080K, reserved 1048576K
}
Event: 6.102 GC heap after
{Heap after GC invocations=13 (full 0):
 garbage-first heap   total 75776K, used 20567K [0x0000000700e00000, 0x0000000800000000)
  region size 2048K, 2 young (4096K), 2 survivors (4096K)
 Metaspace       used 44852K, committed 45184K, reserved 1089536K
  class space    used 5883K, committed 6080K, reserved 1048576K
}
Event: 7.034 GC heap before
{Heap before GC invocations=13 (full 0):
 garbage-first heap   total 75776K, used 59479K [0x0000000700e00000, 0x0000000800000000)
  region size 2048K, 21 young (43008K), 2 survivors (4096K)
 Metaspace       used 53266K, committed 53568K, reserved 1097728K
  class space    used 7078K, committed 7232K, reserved 1048576K
}
Event: 7.039 GC heap after
{Heap after GC invocations=14 (full 0):
 garbage-first heap   total 75776K, used 22110K [0x0000000700e00000, 0x0000000800000000)
  region size 2048K, 3 young (6144K), 3 survivors (6144K)
 Metaspace       used 53266K, committed 53568K, reserved 1097728K
  class space    used 7078K, committed 7232K, reserved 1048576K
}
Event: 7.589 GC heap before
{Heap before GC invocations=14 (full 0):
 garbage-first heap   total 75776K, used 54878K [0x0000000700e00000, 0x0000000800000000)
  region size 2048K, 20 young (40960K), 3 survivors (6144K)
 Metaspace       used 57054K, committed 57344K, reserved 1105920K
  class space    used 7594K, committed 7744K, reserved 1048576K
}
Event: 7.595 GC heap after
{Heap after GC invocations=15 (full 0):
 garbage-first heap   total 75776K, used 24245K [0x0000000700e00000, 0x0000000800000000)
  region size 2048K, 2 young (4096K), 2 survivors (4096K)
 Metaspace       used 57054K, committed 57344K, reserved 1105920K
  class space    used 7594K, committed 7744K, reserved 1048576K
}
Event: 8.033 GC heap before
{Heap before GC invocations=15 (full 0):
 garbage-first heap   total 75776K, used 59061K [0x0000000700e00000, 0x0000000800000000)
  region size 2048K, 19 young (38912K), 2 survivors (4096K)
 Metaspace       used 59512K, committed 59840K, reserved 1105920K
  class space    used 7920K, committed 8064K, reserved 1048576K
}
Event: 8.039 GC heap after
{Heap after GC invocations=16 (full 0):
 garbage-first heap   total 75776K, used 25496K [0x0000000700e00000, 0x0000000800000000)
  region size 2048K, 2 young (4096K), 2 survivors (4096K)
 Metaspace       used 59512K, committed 59840K, reserved 1105920K
  class space    used 7920K, committed 8064K, reserved 1048576K
}
Event: 8.145 GC heap before
{Heap before GC invocations=16 (full 0):
 garbage-first heap   total 75776K, used 31640K [0x0000000700e00000, 0x0000000800000000)
  region size 2048K, 6 young (12288K), 2 survivors (4096K)
 Metaspace       used 60185K, committed 60480K, reserved 1105920K
  class space    used 8002K, committed 8128K, reserved 1048576K
}
Event: 8.148 GC heap after
{Heap after GC invocations=17 (full 0):
 garbage-first heap   total 75776K, used 26007K [0x0000000700e00000, 0x0000000800000000)
  region size 2048K, 1 young (2048K), 1 survivors (2048K)
 Metaspace       used 60185K, committed 60480K, reserved 1105920K
  class space    used 8002K, committed 8128K, reserved 1048576K
}
Event: 8.761 GC heap before
{Heap before GC invocations=18 (full 0):
 garbage-first heap   total 75776K, used 58775K [0x0000000700e00000, 0x0000000800000000)
  region size 2048K, 17 young (34816K), 1 survivors (2048K)
 Metaspace       used 62893K, committed 63232K, reserved 1105920K
  class space    used 8417K, committed 8576K, reserved 1048576K
}
Event: 8.766 GC heap after
{Heap after GC invocations=19 (full 0):
 garbage-first heap   total 75776K, used 28639K [0x0000000700e00000, 0x0000000800000000)
  region size 2048K, 3 young (6144K), 3 survivors (6144K)
 Metaspace       used 62893K, committed 63232K, reserved 1105920K
  class space    used 8417K, committed 8576K, reserved 1048576K
}
Event: 18.100 GC heap before
{Heap before GC invocations=19 (full 0):
 garbage-first heap   total 75776K, used 55263K [0x0000000700e00000, 0x0000000800000000)
  region size 2048K, 17 young (34816K), 3 survivors (6144K)
 Metaspace       used 69143K, committed 69568K, reserved 1114112K
  class space    used 9190K, committed 9408K, reserved 1048576K
}
Event: 18.106 GC heap after
{Heap after GC invocations=20 (full 0):
 garbage-first heap   total 75776K, used 30285K [0x0000000700e00000, 0x0000000800000000)
  region size 2048K, 3 young (6144K), 3 survivors (6144K)
 Metaspace       used 69143K, committed 69568K, reserved 1114112K
  class space    used 9190K, committed 9408K, reserved 1048576K
}

