# JRE version: OpenJDK Runtime Environment Temurin-17.0.1+12 (17.0.1+12) (build 17.0.1+12)
# Java VM: OpenJDK 64-Bit Server VM Temurin-17.0.1+12 (17.0.1+12, mixed mode, emulated-client, sharing, tiered, compressed oops, compressed class ptrs, g1 gc, windows-amd64)
GC Precious Log:
 CPUs: 12 total, 12 available
 Memory: 16320M
 Large Page Support: Disabled
 NUMA Support: Disabled
 Compressed Oops: Enabled (Zero based)
 Heap Region Size: 2M
 Heap Min Capacity: 8M
 Heap Initial Capacity: 256M
 Heap Max Capacity: 4082M
 Pre-touch: Disabled
 Parallel Workers: 10
 Concurrent Workers: 3
 Concurrent Refinement Workers: 10
 Periodic GC: Disabled
Heap:
 garbage-first heap   total 153600K, used 28505K [0x0000000700e00000, 0x0000000800000000)
  region size 2048K, 5 young (10240K), 4 survivors (8192K)
 Metaspace       used 56340K, committed 56768K, reserved 1097728K
  class space    used 7812K, committed 8000K, reserved 1048576K
GC Heap History (20 events):
Event: 0.418 GC heap before
{Heap before GC invocations=1 (full 0):
 garbage-first heap   total 262144K, used 29586K [0x0000000700e00000, 0x0000000800000000)
  region size 2048K, 14 young (28672K), 2 survivors (4096K)
 Metaspace       used 6578K, committed 6784K, reserved 1056768K
  class space    used 795K, committed 896K, reserved 1048576K
}
Event: 0.421 GC heap after
{Heap after GC invocations=2 (full 0):
 garbage-first heap   total 262144K, used 7947K [0x0000000700e00000, 0x0000000800000000)
  region size 2048K, 1 young (2048K), 1 survivors (2048K)
 Metaspace       used 6578K, committed 6784K, reserved 1056768K
  class space    used 795K, committed 896K, reserved 1048576K
}
Event: 0.955 GC heap before
{Heap before GC invocations=2 (full 0):
 garbage-first heap   total 262144K, used 155403K [0x0000000700e00000, 0x0000000800000000)
  region size 2048K, 75 young (153600K), 1 survivors (2048K)
 Metaspace       used 21228K, committed 21504K, reserved 1073152K
  class space    used 2779K, committed 2944K, reserved 1048576K
}
Event: 0.959 GC heap after
{Heap after GC invocations=3 (full 0):
 garbage-first heap   total 262144K, used 12438K [0x0000000700e00000, 0x0000000800000000)
  region size 2048K, 3 young (6144K), 3 survivors (6144K)
 Metaspace       used 21228K, committed 21504K, reserved 1073152K
  class space    used 2779K, committed 2944K, reserved 1048576K
}
Event: 1.145 GC heap before
{Heap before GC invocations=4 (full 0):
 garbage-first heap   total 61440K, used 45206K [0x0000000700e00000, 0x0000000800000000)
  region size 2048K, 20 young (40960K), 3 survivors (6144K)
 Metaspace       used 24963K, committed 25280K, reserved 1073152K
  class space    used 3314K, committed 3456K, reserved 1048576K
}
Event: 1.149 GC heap after
{Heap after GC invocations=5 (full 0):
 garbage-first heap   total 61440K, used 13877K [0x0000000700e00000, 0x0000000800000000)
  region size 2048K, 4 young (8192K), 4 survivors (8192K)
 Metaspace       used 24963K, committed 25280K, reserved 1073152K
  class space    used 3314K, committed 3456K, reserved 1048576K
}
Event: 1.168 GC heap before
{Heap before GC invocations=5 (full 0):
 garbage-first heap   total 61440K, used 15925K [0x0000000700e00000, 0x0000000800000000)
  region size 2048K, 5 young (10240K), 4 survivors (8192K)
 Metaspace       used 25106K, committed 25408K, reserved 1073152K
  class space    used 3342K, committed 3456K, reserved 1048576K
}
Event: 1.172 GC heap after
{Heap after GC invocations=6 (full 0):
 garbage-first heap   total 161792K, used 14439K [0x0000000700e00000, 0x0000000800000000)
  region size 2048K, 1 young (2048K), 1 survivors (2048K)
 Metaspace       used 25106K, committed 25408K, reserved 1073152K
  class space    used 3342K, committed 3456K, reserved 1048576K
}
Event: 1.640 GC heap before
{Heap before GC invocations=6 (full 0):
 garbage-first heap   total 161792K, used 106599K [0x0000000700e00000, 0x0000000800000000)
  region size 2048K, 47 young (96256K), 1 survivors (2048K)
 Metaspace       used 31755K, committed 32128K, reserved 1081344K
  class space    used 4314K, committed 4480K, reserved 1048576K
}
Event: 1.643 GC heap after
{Heap after GC invocations=7 (full 0):
 garbage-first heap   total 161792K, used 17620K [0x0000000700e00000, 0x0000000800000000)
  region size 2048K, 3 young (6144K), 3 survivors (6144K)
 Metaspace       used 31755K, committed 32128K, reserved 1081344K
  class space    used 4314K, committed 4480K, reserved 1048576K
}
Event: 1.857 GC heap before
{Heap before GC invocations=7 (full 0):
 garbage-first heap   total 161792K, used 79060K [0x0000000700e00000, 0x0000000800000000)
  region size 2048K, 35 young (71680K), 3 survivors (6144K)
 Metaspace       used 35675K, committed 36096K, reserved 1081344K
  class space    used 4700K, committed 4928K, reserved 1048576K
}
Event: 1.860 GC heap after
{Heap after GC invocations=8 (full 0):
 garbage-first heap   total 161792K, used 19584K [0x0000000700e00000, 0x0000000800000000)
  region size 2048K, 4 young (8192K), 4 survivors (8192K)
 Metaspace       used 35675K, committed 36096K, reserved 1081344K
  class space    used 4700K, committed 4928K, reserved 1048576K
}
Event: 2.199 GC heap before
{Heap before GC invocations=9 (full 0):
 garbage-first heap   total 81920K, used 60544K [0x0000000700e00000, 0x0000000800000000)
  region size 2048K, 24 young (49152K), 4 survivors (8192K)
 Metaspace       used 43520K, committed 43968K, reserved 1089536K
  class space    used 5876K, committed 6080K, reserved 1048576K
}
Event: 2.203 GC heap after
{Heap after GC invocations=10 (full 0):
 garbage-first heap   total 81920K, used 21502K [0x0000000700e00000, 0x0000000800000000)
  region size 2048K, 3 young (6144K), 3 survivors (6144K)
 Metaspace       used 43520K, committed 43968K, reserved 1089536K
  class space    used 5876K, committed 6080K, reserved 1048576K
}
Event: 2.219 GC heap before
{Heap before GC invocations=10 (full 0):
 garbage-first heap   total 81920K, used 21502K [0x0000000700e00000, 0x0000000800000000)
  region size 2048K, 4 young (8192K), 3 survivors (6144K)
 Metaspace       used 43740K, committed 44160K, reserved 1089536K
  class space    used 5903K, committed 6080K, reserved 1048576K
}
Event: 2.222 GC heap after
{Heap after GC invocations=11 (full 0):
 garbage-first heap   total 81920K, used 21988K [0x0000000700e00000, 0x0000000800000000)
  region size 2048K, 1 young (2048K), 1 survivors (2048K)
 Metaspace       used 43740K, committed 44160K, reserved 1089536K
  class space    used 5903K, committed 6080K, reserved 1048576K
}
Event: 2.532 GC heap before
{Heap before GC invocations=11 (full 0):
 garbage-first heap   total 81920K, used 60900K [0x0000000700e00000, 0x0000000800000000)
  region size 2048K, 21 young (43008K), 1 survivors (2048K)
 Metaspace       used 49496K, committed 49856K, reserved 1097728K
  class space    used 6792K, committed 6976K, reserved 1048576K
}
Event: 2.534 GC heap after
{Heap after GC invocations=12 (full 0):
 garbage-first heap   total 153600K, used 23061K [0x0000000700e00000, 0x0000000800000000)
  region size 2048K, 1 young (2048K), 1 survivors (2048K)
 Metaspace       used 49496K, committed 49856K, reserved 1097728K
  class space    used 6792K, committed 6976K, reserved 1048576K
}
Event: 3.194 GC heap before
{Heap before GC invocations=12 (full 0):
 garbage-first heap   total 153600K, used 113173K [0x0000000700e00000, 0x0000000800000000)
  region size 2048K, 45 young (92160K), 1 survivors (2048K)
 Metaspace       used 56234K, committed 56640K, reserved 1097728K
  class space    used 7793K, committed 8000K, reserved 1048576K
}
Event: 3.198 GC heap after
{Heap after GC invocations=13 (full 0):
 garbage-first heap   total 153600K, used 28505K [0x0000000700e00000, 0x0000000800000000)
  region size 2048K, 4 young (8192K), 4 survivors (8192K)
 Metaspace       used 56234K, committed 56640K, reserved 1097728K
  class space    used 7793K, committed 8000K, reserved 1048576K
}

