# JRE version: OpenJDK Runtime Environment (17.0+35) (build 17+35-2724)
# Java VM: OpenJDK 64-Bit Server VM (17+35-2724, mixed mode, sharing, tiered, compressed oops, compressed class ptrs, g1 gc, windows-amd64)
GC Precious Log:
 CPUs: 4 total, 4 available
 Memory: 16322M
 Large Page Support: Disabled
 NUMA Support: Disabled
 Compressed Oops: Enabled (Zero based)
 Heap Region Size: 2M
 Heap Min Capacity: 8M
 Heap Initial Capacity: 256M
 Heap Max Capacity: 4082M
 Pre-touch: Disabled
 Parallel Workers: 4
 Concurrent Workers: 1
 Concurrent Refinement Workers: 4
 Periodic GC: Disabled
Heap:
 garbage-first heap   total 133120K, used 86388K [0x0000000700e00000, 0x0000000800000000)
  region size 2048K, 32 young (65536K), 1 survivors (2048K)
 Metaspace       used 69433K, committed 69824K, reserved 1114112K
  class space    used 9224K, committed 9408K, reserved 1048576K
GC Heap History (20 events):
Event: 2.717 GC heap before
{Heap before GC invocations=6 (full 0):
 garbage-first heap   total 49152K, used 33392K [0x0000000700e00000, 0x0000000800000000)
  region size 2048K, 14 young (28672K), 4 survivors (8192K)
 Metaspace       used 28662K, committed 28992K, reserved 1081344K
  class space    used 3620K, committed 3776K, reserved 1048576K
}
Event: 2.724 GC heap after
{Heap after GC invocations=7 (full 0):
 garbage-first heap   total 49152K, used 14435K [0x0000000700e00000, 0x0000000800000000)
  region size 2048K, 2 young (4096K), 2 survivors (4096K)
 Metaspace       used 28662K, committed 28992K, reserved 1081344K
  class space    used 3620K, committed 3776K, reserved 1048576K
}
Event: 3.094 GC heap before
{Heap before GC invocations=7 (full 0):
 garbage-first heap   total 49152K, used 32867K [0x0000000700e00000, 0x0000000800000000)
  region size 2048K, 11 young (22528K), 2 survivors (4096K)
 Metaspace       used 31839K, committed 32192K, reserved 1081344K
  class space    used 4116K, committed 4288K, reserved 1048576K
}
Event: 3.100 GC heap after
{Heap after GC invocations=8 (full 0):
 garbage-first heap   total 155648K, used 16495K [0x0000000700e00000, 0x0000000800000000)
  region size 2048K, 2 young (4096K), 2 survivors (4096K)
 Metaspace       used 31839K, committed 32192K, reserved 1081344K
  class space    used 4116K, committed 4288K, reserved 1048576K
}
Event: 3.453 GC heap before
{Heap before GC invocations=8 (full 0):
 garbage-first heap   total 155648K, used 102511K [0x0000000700e00000, 0x0000000800000000)
  region size 2048K, 45 young (92160K), 2 survivors (4096K)
 Metaspace       used 34632K, committed 34944K, reserved 1081344K
  class space    used 4399K, committed 4544K, reserved 1048576K
}
Event: 3.459 GC heap after
{Heap after GC invocations=9 (full 0):
 garbage-first heap   total 155648K, used 17766K [0x0000000700e00000, 0x0000000800000000)
  region size 2048K, 3 young (6144K), 3 survivors (6144K)
 Metaspace       used 34632K, committed 34944K, reserved 1081344K
  class space    used 4399K, committed 4544K, reserved 1048576K
}
Event: 3.610 GC heap before
{Heap before GC invocations=9 (full 0):
 garbage-first heap   total 155648K, used 28006K [0x0000000700e00000, 0x0000000800000000)
  region size 2048K, 9 young (18432K), 3 survivors (6144K)
 Metaspace       used 35851K, committed 36096K, reserved 1081344K
  class space    used 4532K, committed 4672K, reserved 1048576K
}
Event: 3.614 GC heap after
{Heap after GC invocations=10 (full 0):
 garbage-first heap   total 155648K, used 18290K [0x0000000700e00000, 0x0000000800000000)
  region size 2048K, 3 young (6144K), 3 survivors (6144K)
 Metaspace       used 35851K, committed 36096K, reserved 1081344K
  class space    used 4532K, committed 4672K, reserved 1048576K
}
Event: 4.466 GC heap before
{Heap before GC invocations=11 (full 0):
 garbage-first heap   total 75776K, used 57202K [0x0000000700e00000, 0x0000000800000000)
  region size 2048K, 22 young (45056K), 3 survivors (6144K)
 Metaspace       used 44914K, committed 45248K, reserved 1089536K
  class space    used 5897K, committed 6080K, reserved 1048576K
}
Event: 4.473 GC heap after
{Heap after GC invocations=12 (full 0):
 garbage-first heap   total 75776K, used 20875K [0x0000000700e00000, 0x0000000800000000)
  region size 2048K, 3 young (6144K), 3 survivors (6144K)
 Metaspace       used 44914K, committed 45248K, reserved 1089536K
  class space    used 5897K, committed 6080K, reserved 1048576K
}
Event: 4.519 GC heap before
{Heap before GC invocations=12 (full 0):
 garbage-first heap   total 75776K, used 20875K [0x0000000700e00000, 0x0000000800000000)
  region size 2048K, 4 young (8192K), 3 survivors (6144K)
 Metaspace       used 45575K, committed 45952K, reserved 1089536K
  class space    used 5969K, committed 6144K, reserved 1048576K
}
Event: 4.524 GC heap after
{Heap after GC invocations=13 (full 0):
 garbage-first heap   total 75776K, used 20819K [0x0000000700e00000, 0x0000000800000000)
  region size 2048K, 1 young (2048K), 1 survivors (2048K)
 Metaspace       used 45575K, committed 45952K, reserved 1089536K
  class space    used 5969K, committed 6144K, reserved 1048576K
}
Event: 5.390 GC heap before
{Heap before GC invocations=13 (full 0):
 garbage-first heap   total 75776K, used 55635K [0x0000000700e00000, 0x0000000800000000)
  region size 2048K, 19 young (38912K), 1 survivors (2048K)
 Metaspace       used 53772K, committed 54080K, reserved 1097728K
  class space    used 7182K, committed 7296K, reserved 1048576K
}
Event: 5.393 GC heap after
{Heap after GC invocations=14 (full 0):
 garbage-first heap   total 75776K, used 21953K [0x0000000700e00000, 0x0000000800000000)
  region size 2048K, 1 young (2048K), 1 survivors (2048K)
 Metaspace       used 53772K, committed 54080K, reserved 1097728K
  class space    used 7182K, committed 7296K, reserved 1048576K
}
Event: 5.930 GC heap before
{Heap before GC invocations=15 (full 0):
 garbage-first heap   total 75776K, used 56769K [0x0000000700e00000, 0x0000000800000000)
  region size 2048K, 19 young (38912K), 1 survivors (2048K)
 Metaspace       used 57662K, committed 58048K, reserved 1105920K
  class space    used 7733K, committed 7936K, reserved 1048576K
}
Event: 5.934 GC heap after
{Heap after GC invocations=16 (full 0):
 garbage-first heap   total 75776K, used 24091K [0x0000000700e00000, 0x0000000800000000)
  region size 2048K, 2 young (4096K), 2 survivors (4096K)
 Metaspace       used 57662K, committed 58048K, reserved 1105920K
  class space    used 7733K, committed 7936K, reserved 1048576K
}
Event: 5.983 GC heap before
{Heap before GC invocations=16 (full 0):
 garbage-first heap   total 75776K, used 26139K [0x0000000700e00000, 0x0000000800000000)
  region size 2048K, 3 young (6144K), 2 survivors (4096K)
 Metaspace       used 57899K, committed 58304K, reserved 1105920K
  class space    used 7764K, committed 7936K, reserved 1048576K
}
Event: 5.991 GC heap after
{Heap after GC invocations=17 (full 0):
 garbage-first heap   total 75776K, used 24065K [0x0000000700e00000, 0x0000000800000000)
  region size 2048K, 1 young (2048K), 1 survivors (2048K)
 Metaspace       used 57899K, committed 58304K, reserved 1105920K
  class space    used 7764K, committed 7936K, reserved 1048576K
}
Event: 6.363 GC heap before
{Heap before GC invocations=17 (full 0):
 garbage-first heap   total 75776K, used 56833K [0x0000000700e00000, 0x0000000800000000)
  region size 2048K, 17 young (34816K), 1 survivors (2048K)
 Metaspace       used 59978K, committed 60288K, reserved 1105920K
  class space    used 8029K, committed 8192K, reserved 1048576K
}
Event: 6.366 GC heap after
{Heap after GC invocations=18 (full 0):
 garbage-first heap   total 133120K, used 24948K [0x0000000700e00000, 0x0000000800000000)
  region size 2048K, 1 young (2048K), 1 survivors (2048K)
 Metaspace       used 59978K, committed 60288K, reserved 1105920K
  class space    used 8029K, committed 8192K, reserved 1048576K
}

