# JRE version: OpenJDK Runtime Environment Temurin-17.0.1+12 (17.0.1+12) (build 17.0.1+12)
# Java VM: OpenJDK 64-Bit Server VM Temurin-17.0.1+12 (17.0.1+12, mixed mode, emulated-client, sharing, tiered, compressed oops, compressed class ptrs, g1 gc, windows-amd64)
GC Precious Log:
 CPUs: 12 total, 12 available
 Memory: 16320M
 Large Page Support: Disabled
 NUMA Support: Disabled
 Compressed Oops: Enabled (Zero based)
 Heap Region Size: 2M
 Heap Min Capacity: 8M
 Heap Initial Capacity: 256M
 Heap Max Capacity: 4082M
 Pre-touch: Disabled
 Parallel Workers: 10
 Concurrent Workers: 3
 Concurrent Refinement Workers: 10
 Periodic GC: Disabled
Heap:
 garbage-first heap   total 116736K, used 50860K [0x0000000700e00000, 0x0000000800000000)
  region size 2048K, 16 young (32768K), 3 survivors (6144K)
 Metaspace       used 56365K, committed 56832K, reserved 1097728K
  class space    used 7816K, committed 8064K, reserved 1048576K
GC Heap History (20 events):
Event: 0.994 GC heap before
{Heap before GC invocations=2 (full 0):
 garbage-first heap   total 262144K, used 153251K [0x0000000700e00000, 0x0000000800000000)
  region size 2048K, 74 young (151552K), 1 survivors (2048K)
 Metaspace       used 21221K, committed 21504K, reserved 1073152K
  class space    used 2780K, committed 2944K, reserved 1048576K
}
Event: 0.997 GC heap after
{Heap after GC invocations=3 (full 0):
 garbage-first heap   total 262144K, used 12328K [0x0000000700e00000, 0x0000000800000000)
  region size 2048K, 3 young (6144K), 3 survivors (6144K)
 Metaspace       used 21221K, committed 21504K, reserved 1073152K
  class space    used 2780K, committed 2944K, reserved 1048576K
}
Event: 1.196 GC heap before
{Heap before GC invocations=4 (full 0):
 garbage-first heap   total 61440K, used 47144K [0x0000000700e00000, 0x0000000800000000)
  region size 2048K, 21 young (43008K), 3 survivors (6144K)
 Metaspace       used 25006K, committed 25280K, reserved 1073152K
  class space    used 3327K, committed 3456K, reserved 1048576K
}
Event: 1.200 GC heap after
{Heap after GC invocations=5 (full 0):
 garbage-first heap   total 61440K, used 13719K [0x0000000700e00000, 0x0000000800000000)
  region size 2048K, 4 young (8192K), 4 survivors (8192K)
 Metaspace       used 25006K, committed 25280K, reserved 1073152K
  class space    used 3327K, committed 3456K, reserved 1048576K
}
Event: 1.217 GC heap before
{Heap before GC invocations=5 (full 0):
 garbage-first heap   total 61440K, used 15767K [0x0000000700e00000, 0x0000000800000000)
  region size 2048K, 5 young (10240K), 4 survivors (8192K)
 Metaspace       used 25559K, committed 25856K, reserved 1073152K
  class space    used 3410K, committed 3584K, reserved 1048576K
}
Event: 1.221 GC heap after
{Heap after GC invocations=6 (full 0):
 garbage-first heap   total 61440K, used 14447K [0x0000000700e00000, 0x0000000800000000)
  region size 2048K, 1 young (2048K), 1 survivors (2048K)
 Metaspace       used 25559K, committed 25856K, reserved 1073152K
  class space    used 3410K, committed 3584K, reserved 1048576K
}
Event: 1.463 GC heap before
{Heap before GC invocations=6 (full 0):
 garbage-first heap   total 61440K, used 41071K [0x0000000700e00000, 0x0000000800000000)
  region size 2048K, 14 young (28672K), 1 survivors (2048K)
 Metaspace       used 28543K, committed 28928K, reserved 1081344K
  class space    used 3884K, committed 4096K, reserved 1048576K
}
Event: 1.465 GC heap after
{Heap after GC invocations=7 (full 0):
 garbage-first heap   total 161792K, used 15446K [0x0000000700e00000, 0x0000000800000000)
  region size 2048K, 2 young (4096K), 2 survivors (4096K)
 Metaspace       used 28543K, committed 28928K, reserved 1081344K
  class space    used 3884K, committed 4096K, reserved 1048576K
}
Event: 1.690 GC heap before
{Heap before GC invocations=7 (full 0):
 garbage-first heap   total 161792K, used 105558K [0x0000000700e00000, 0x0000000800000000)
  region size 2048K, 47 young (96256K), 2 survivors (4096K)
 Metaspace       used 31752K, committed 32128K, reserved 1081344K
  class space    used 4314K, committed 4480K, reserved 1048576K
}
Event: 1.693 GC heap after
{Heap after GC invocations=8 (full 0):
 garbage-first heap   total 161792K, used 17565K [0x0000000700e00000, 0x0000000800000000)
  region size 2048K, 3 young (6144K), 3 survivors (6144K)
 Metaspace       used 31752K, committed 32128K, reserved 1081344K
  class space    used 4314K, committed 4480K, reserved 1048576K
}
Event: 1.907 GC heap before
{Heap before GC invocations=8 (full 0):
 garbage-first heap   total 161792K, used 52381K [0x0000000700e00000, 0x0000000800000000)
  region size 2048K, 22 young (45056K), 3 survivors (6144K)
 Metaspace       used 35602K, committed 35968K, reserved 1081344K
  class space    used 4700K, committed 4928K, reserved 1048576K
}
Event: 1.911 GC heap after
{Heap after GC invocations=9 (full 0):
 garbage-first heap   total 161792K, used 19606K [0x0000000700e00000, 0x0000000800000000)
  region size 2048K, 4 young (8192K), 4 survivors (8192K)
 Metaspace       used 35602K, committed 35968K, reserved 1081344K
  class space    used 4700K, committed 4928K, reserved 1048576K
}
Event: 2.251 GC heap before
{Heap before GC invocations=10 (full 0):
 garbage-first heap   total 81920K, used 60566K [0x0000000700e00000, 0x0000000800000000)
  region size 2048K, 24 young (49152K), 4 survivors (8192K)
 Metaspace       used 43517K, committed 43968K, reserved 1089536K
  class space    used 5876K, committed 6080K, reserved 1048576K
}
Event: 2.255 GC heap after
{Heap after GC invocations=11 (full 0):
 garbage-first heap   total 81920K, used 21341K [0x0000000700e00000, 0x0000000800000000)
  region size 2048K, 2 young (4096K), 2 survivors (4096K)
 Metaspace       used 43517K, committed 43968K, reserved 1089536K
  class space    used 5876K, committed 6080K, reserved 1048576K
}
Event: 2.272 GC heap before
{Heap before GC invocations=11 (full 0):
 garbage-first heap   total 81920K, used 21341K [0x0000000700e00000, 0x0000000800000000)
  region size 2048K, 3 young (6144K), 2 survivors (4096K)
 Metaspace       used 43738K, committed 44160K, reserved 1089536K
  class space    used 5903K, committed 6080K, reserved 1048576K
}
Event: 2.275 GC heap after
{Heap after GC invocations=12 (full 0):
 garbage-first heap   total 81920K, used 21955K [0x0000000700e00000, 0x0000000800000000)
  region size 2048K, 1 young (2048K), 1 survivors (2048K)
 Metaspace       used 43738K, committed 44160K, reserved 1089536K
  class space    used 5903K, committed 6080K, reserved 1048576K
}
Event: 2.585 GC heap before
{Heap before GC invocations=12 (full 0):
 garbage-first heap   total 81920K, used 60867K [0x0000000700e00000, 0x0000000800000000)
  region size 2048K, 21 young (43008K), 1 survivors (2048K)
 Metaspace       used 49344K, committed 49728K, reserved 1097728K
  class space    used 6760K, committed 6976K, reserved 1048576K
}
Event: 2.587 GC heap after
{Heap after GC invocations=13 (full 0):
 garbage-first heap   total 116736K, used 23185K [0x0000000700e00000, 0x0000000800000000)
  region size 2048K, 1 young (2048K), 1 survivors (2048K)
 Metaspace       used 49344K, committed 49728K, reserved 1097728K
  class space    used 6760K, committed 6976K, reserved 1048576K
}
Event: 3.045 GC heap before
{Heap before GC invocations=13 (full 0):
 garbage-first heap   total 116736K, used 90769K [0x0000000700e00000, 0x0000000800000000)
  region size 2048K, 34 young (69632K), 1 survivors (2048K)
 Metaspace       used 54342K, committed 54784K, reserved 1097728K
  class space    used 7516K, committed 7680K, reserved 1048576K
}
Event: 3.049 GC heap after
{Heap after GC invocations=14 (full 0):
 garbage-first heap   total 116736K, used 26284K [0x0000000700e00000, 0x0000000800000000)
  region size 2048K, 3 young (6144K), 3 survivors (6144K)
 Metaspace       used 54342K, committed 54784K, reserved 1097728K
  class space    used 7516K, committed 7680K, reserved 1048576K
}

